<?xml version="1.0" encoding="UTF-8"?>
<robot generator="Robot 3.1.1 (Python 3.7.1 on linux)" generated="20190415 16:20:17.990" rpa="false">
<suite id="s1" name="Demo" source="/home/testautomation/robot_webtesting/demo.robot">
<kw name="Setup_Suite" library="demo_keyword" type="setup">
<msg timestamp="20190415 16:20:18.182" level="TRACE">Arguments: [  ]</msg>
<kw name="Create Webdriver" library="SeleniumLibrary">
<doc>Creates an instance of Selenium WebDriver.</doc>
<arguments>
<arg>${BROWSER}</arg>
</arguments>
<msg timestamp="20190415 16:20:18.183" level="TRACE">Arguments: [ 'Chrome' ]</msg>
<msg timestamp="20190415 16:20:18.183" level="INFO">Creating an instance of the Chrome WebDriver.</msg>
<msg timestamp="20190415 16:20:19.221" level="DEBUG">POST http://127.0.0.1:33835/session {"capabilities": {"firstMatch": [{}], "alwaysMatch": {"browserName": "chrome", "platformName": "any", "goog:chromeOptions": {"extensions": [], "args": []}}}, "desiredCapabilities": {"browserName": "chrome", "version": "", "platform": "ANY", "goog:chromeOptions": {"extensions": [], "args": []}}}</msg>
<msg timestamp="20190415 16:20:19.223" level="DEBUG">Starting new HTTP connection (1): 127.0.0.1:33835</msg>
<msg timestamp="20190415 16:20:20.139" level="DEBUG">http://127.0.0.1:33835 "POST /session HTTP/1.1" 200 966</msg>
<msg timestamp="20190415 16:20:20.140" level="DEBUG">Finished Request</msg>
<msg timestamp="20190415 16:20:20.140" level="DEBUG">Created Chrome WebDriver instance with session id 7e37ea6c8c9f37f02b069612bd1d9312.</msg>
<msg timestamp="20190415 16:20:20.140" level="TRACE">Return: 1</msg>
<status status="PASS" starttime="20190415 16:20:18.183" endtime="20190415 16:20:20.141"></status>
</kw>
<msg timestamp="20190415 16:20:20.141" level="TRACE">Return: None</msg>
<status status="PASS" starttime="20190415 16:20:18.182" endtime="20190415 16:20:20.141"></status>
</kw>
<test id="s1-t1" name="Wrong Password Login">
<kw name="Setup_Test" library="demo_keyword" type="setup">
<msg timestamp="20190415 16:20:20.143" level="TRACE">Arguments: [  ]</msg>
<kw name="Go To" library="SeleniumLibrary">
<doc>Navigates the active browser instance to the provided ``url``.</doc>
<arguments>
<arg>${URL}</arg>
</arguments>
<msg timestamp="20190415 16:20:20.143" level="TRACE">Arguments: [ 'http://localhost/wordpress' ]</msg>
<msg timestamp="20190415 16:20:20.144" level="INFO">Opening url 'http://localhost/wordpress'</msg>
<msg timestamp="20190415 16:20:20.144" level="DEBUG">POST http://127.0.0.1:33835/session/7e37ea6c8c9f37f02b069612bd1d9312/url {"url": "http://localhost/wordpress", "sessionId": "7e37ea6c8c9f37f02b069612bd1d9312"}</msg>
<msg timestamp="20190415 16:20:24.203" level="DEBUG">http://127.0.0.1:33835 "POST /session/7e37ea6c8c9f37f02b069612bd1d9312/url HTTP/1.1" 200 72</msg>
<msg timestamp="20190415 16:20:24.203" level="DEBUG">Finished Request</msg>
<msg timestamp="20190415 16:20:24.203" level="TRACE">Return: None</msg>
<status status="PASS" starttime="20190415 16:20:20.143" endtime="20190415 16:20:24.203"></status>
</kw>
<kw name="Title Should Be" library="SeleniumLibrary">
<doc>Verifies that current page title equals ``title``.</doc>
<arguments>
<arg>NCS-Testing</arg>
</arguments>
<msg timestamp="20190415 16:20:24.204" level="TRACE">Arguments: [ 'NCS-Testing' ]</msg>
<msg timestamp="20190415 16:20:24.204" level="DEBUG">GET http://127.0.0.1:33835/session/7e37ea6c8c9f37f02b069612bd1d9312/title {"sessionId": "7e37ea6c8c9f37f02b069612bd1d9312"}</msg>
<msg timestamp="20190415 16:20:24.209" level="DEBUG">http://127.0.0.1:33835 "GET /session/7e37ea6c8c9f37f02b069612bd1d9312/title HTTP/1.1" 200 81</msg>
<msg timestamp="20190415 16:20:24.209" level="DEBUG">Finished Request</msg>
<msg timestamp="20190415 16:20:24.209" level="INFO">Page title is 'NCS-Testing'.</msg>
<msg timestamp="20190415 16:20:24.209" level="TRACE">Return: None</msg>
<status status="PASS" starttime="20190415 16:20:24.203" endtime="20190415 16:20:24.209"></status>
</kw>
<msg timestamp="20190415 16:20:24.210" level="TRACE">Return: None</msg>
<status status="PASS" starttime="20190415 16:20:20.142" endtime="20190415 16:20:24.210"></status>
</kw>
<kw name="Navigate To Login Page" library="demo_keyword">
<msg timestamp="20190415 16:20:24.210" level="TRACE">Arguments: [  ]</msg>
<kw name="Click Element" library="SeleniumLibrary">
<doc>Click element identified by ``locator``.</doc>
<arguments>
<arg>link:Anmelden</arg>
</arguments>
<msg timestamp="20190415 16:20:24.210" level="TRACE">Arguments: [ 'link:Anmelden' ]</msg>
<msg timestamp="20190415 16:20:24.210" level="INFO">Clicking element 'link:Anmelden'.</msg>
<msg timestamp="20190415 16:20:24.211" level="DEBUG">POST http://127.0.0.1:33835/session/7e37ea6c8c9f37f02b069612bd1d9312/elements {"using": "link text", "value": "Anmelden", "sessionId": "7e37ea6c8c9f37f02b069612bd1d9312"}</msg>
<msg timestamp="20190415 16:20:24.290" level="DEBUG">http://127.0.0.1:33835 "POST /session/7e37ea6c8c9f37f02b069612bd1d9312/elements HTTP/1.1" 200 104</msg>
<msg timestamp="20190415 16:20:24.291" level="DEBUG">Finished Request</msg>
<msg timestamp="20190415 16:20:24.291" level="DEBUG">POST http://127.0.0.1:33835/session/7e37ea6c8c9f37f02b069612bd1d9312/element/0.6584461258821668-1/click {"id": "0.6584461258821668-1", "sessionId": "7e37ea6c8c9f37f02b069612bd1d9312"}</msg>
<msg timestamp="20190415 16:20:25.077" level="DEBUG">http://127.0.0.1:33835 "POST /session/7e37ea6c8c9f37f02b069612bd1d9312/element/0.6584461258821668-1/click HTTP/1.1" 200 72</msg>
<msg timestamp="20190415 16:20:25.077" level="DEBUG">Finished Request</msg>
<msg timestamp="20190415 16:20:25.078" level="TRACE">Return: None</msg>
<status status="PASS" starttime="20190415 16:20:24.210" endtime="20190415 16:20:25.078"></status>
</kw>
<msg timestamp="20190415 16:20:25.078" level="TRACE">Return: None</msg>
<status status="PASS" starttime="20190415 16:20:24.210" endtime="20190415 16:20:25.078"></status>
</kw>
<kw name="Input Username" library="demo_keyword">
<arguments>
<arg>${SuperUser}</arg>
</arguments>
<msg timestamp="20190415 16:20:25.078" level="TRACE">Arguments: [ ${username}='admin' ]</msg>
<kw name="Wait Until Element Is Visible" library="SeleniumLibrary">
<doc>Waits until element ``locator`` is visible.</doc>
<arguments>
<arg>user_login</arg>
</arguments>
<msg timestamp="20190415 16:20:25.079" level="TRACE">Arguments: [ 'user_login' ]</msg>
<msg timestamp="20190415 16:20:25.079" level="DEBUG">POST http://127.0.0.1:33835/session/7e37ea6c8c9f37f02b069612bd1d9312/elements {"using": "xpath", "value": "//*[(@id='user_login' or @name='user_login')]", "sessionId": "7e37ea6c8c9f37f02b069612bd1d9312"}</msg>
<msg timestamp="20190415 16:20:25.131" level="DEBUG">http://127.0.0.1:33835 "POST /session/7e37ea6c8c9f37f02b069612bd1d9312/elements HTTP/1.1" 200 105</msg>
<msg timestamp="20190415 16:20:25.131" level="DEBUG">Finished Request</msg>
<msg timestamp="20190415 16:20:25.131" level="DEBUG">GET http://127.0.0.1:33835/session/7e37ea6c8c9f37f02b069612bd1d9312/element/0.30711452499388137-1/displayed {"id": "0.30711452499388137-1", "sessionId": "7e37ea6c8c9f37f02b069612bd1d9312"}</msg>
<msg timestamp="20190415 16:20:25.162" level="DEBUG">http://127.0.0.1:33835 "GET /session/7e37ea6c8c9f37f02b069612bd1d9312/element/0.30711452499388137-1/displayed HTTP/1.1" 200 72</msg>
<msg timestamp="20190415 16:20:25.163" level="DEBUG">Finished Request</msg>
<msg timestamp="20190415 16:20:25.163" level="TRACE">Return: None</msg>
<status status="PASS" starttime="20190415 16:20:25.079" endtime="20190415 16:20:25.163"></status>
</kw>
<kw name="Click Element" library="SeleniumLibrary">
<doc>Click element identified by ``locator``.</doc>
<arguments>
<arg>user_login</arg>
</arguments>
<msg timestamp="20190415 16:20:25.164" level="TRACE">Arguments: [ 'user_login' ]</msg>
<msg timestamp="20190415 16:20:25.164" level="INFO">Clicking element 'user_login'.</msg>
<msg timestamp="20190415 16:20:25.165" level="DEBUG">POST http://127.0.0.1:33835/session/7e37ea6c8c9f37f02b069612bd1d9312/elements {"using": "xpath", "value": "//*[(@id='user_login' or @name='user_login')]", "sessionId": "7e37ea6c8c9f37f02b069612bd1d9312"}</msg>
<msg timestamp="20190415 16:20:25.178" level="DEBUG">http://127.0.0.1:33835 "POST /session/7e37ea6c8c9f37f02b069612bd1d9312/elements HTTP/1.1" 200 105</msg>
<msg timestamp="20190415 16:20:25.178" level="DEBUG">Finished Request</msg>
<msg timestamp="20190415 16:20:25.179" level="DEBUG">POST http://127.0.0.1:33835/session/7e37ea6c8c9f37f02b069612bd1d9312/element/0.30711452499388137-1/click {"id": "0.30711452499388137-1", "sessionId": "7e37ea6c8c9f37f02b069612bd1d9312"}</msg>
<msg timestamp="20190415 16:20:25.271" level="DEBUG">http://127.0.0.1:33835 "POST /session/7e37ea6c8c9f37f02b069612bd1d9312/element/0.30711452499388137-1/click HTTP/1.1" 200 72</msg>
<msg timestamp="20190415 16:20:25.271" level="DEBUG">Finished Request</msg>
<msg timestamp="20190415 16:20:25.271" level="TRACE">Return: None</msg>
<status status="PASS" starttime="20190415 16:20:25.163" endtime="20190415 16:20:25.271"></status>
</kw>
<kw name="Input Text" library="SeleniumLibrary">
<doc>Types the given ``text`` into text field identified by ``locator``.</doc>
<arguments>
<arg>user_login</arg>
<arg>${username}</arg>
</arguments>
<msg timestamp="20190415 16:20:25.272" level="TRACE">Arguments: [ 'user_login' | 'admin' ]</msg>
<msg timestamp="20190415 16:20:25.272" level="INFO">Typing text 'admin' into text field 'user_login'.</msg>
<msg timestamp="20190415 16:20:25.272" level="DEBUG">POST http://127.0.0.1:33835/session/7e37ea6c8c9f37f02b069612bd1d9312/elements {"using": "xpath", "value": "//*[(@id='user_login' or @name='user_login')]", "sessionId": "7e37ea6c8c9f37f02b069612bd1d9312"}</msg>
<msg timestamp="20190415 16:20:25.281" level="DEBUG">http://127.0.0.1:33835 "POST /session/7e37ea6c8c9f37f02b069612bd1d9312/elements HTTP/1.1" 200 105</msg>
<msg timestamp="20190415 16:20:25.281" level="DEBUG">Finished Request</msg>
<msg timestamp="20190415 16:20:25.282" level="DEBUG">POST http://127.0.0.1:33835/session/7e37ea6c8c9f37f02b069612bd1d9312/element/0.30711452499388137-1/clear {"id": "0.30711452499388137-1", "sessionId": "7e37ea6c8c9f37f02b069612bd1d9312"}</msg>
<msg timestamp="20190415 16:20:25.306" level="DEBUG">http://127.0.0.1:33835 "POST /session/7e37ea6c8c9f37f02b069612bd1d9312/element/0.30711452499388137-1/clear HTTP/1.1" 200 72</msg>
<msg timestamp="20190415 16:20:25.307" level="DEBUG">Finished Request</msg>
<msg timestamp="20190415 16:20:25.307" level="DEBUG">POST http://127.0.0.1:33835/session/7e37ea6c8c9f37f02b069612bd1d9312/element/0.30711452499388137-1/value {"text": "admin", "value": ["a", "d", "m", "i", "n"], "id": "0.30711452499388137-1", "sessionId": "7e37ea6c8c9f37f02b069612bd1d9312"}</msg>
<msg timestamp="20190415 16:20:25.383" level="DEBUG">http://127.0.0.1:33835 "POST /session/7e37ea6c8c9f37f02b069612bd1d9312/element/0.30711452499388137-1/value HTTP/1.1" 200 72</msg>
<msg timestamp="20190415 16:20:25.384" level="DEBUG">Finished Request</msg>
<msg timestamp="20190415 16:20:25.384" level="TRACE">Return: None</msg>
<status status="PASS" starttime="20190415 16:20:25.272" endtime="20190415 16:20:25.384"></status>
</kw>
<msg timestamp="20190415 16:20:25.384" level="TRACE">Return: None</msg>
<status status="PASS" starttime="20190415 16:20:25.078" endtime="20190415 16:20:25.384"></status>
</kw>
<kw name="Input Password" library="demo_keyword">
<arguments>
<arg>FALSCH</arg>
</arguments>
<msg timestamp="20190415 16:20:25.385" level="TRACE">Arguments: [ ${password}='FALSCH' ]</msg>
<kw name="Wait Until Element Is Visible" library="SeleniumLibrary">
<doc>Waits until element ``locator`` is visible.</doc>
<arguments>
<arg>user_pass</arg>
</arguments>
<msg timestamp="20190415 16:20:25.385" level="TRACE">Arguments: [ 'user_pass' ]</msg>
<msg timestamp="20190415 16:20:25.385" level="DEBUG">POST http://127.0.0.1:33835/session/7e37ea6c8c9f37f02b069612bd1d9312/elements {"using": "xpath", "value": "//*[(@id='user_pass' or @name='user_pass')]", "sessionId": "7e37ea6c8c9f37f02b069612bd1d9312"}</msg>
<msg timestamp="20190415 16:20:25.406" level="DEBUG">http://127.0.0.1:33835 "POST /session/7e37ea6c8c9f37f02b069612bd1d9312/elements HTTP/1.1" 200 105</msg>
<msg timestamp="20190415 16:20:25.406" level="DEBUG">Finished Request</msg>
<msg timestamp="20190415 16:20:25.406" level="DEBUG">GET http://127.0.0.1:33835/session/7e37ea6c8c9f37f02b069612bd1d9312/element/0.30711452499388137-2/displayed {"id": "0.30711452499388137-2", "sessionId": "7e37ea6c8c9f37f02b069612bd1d9312"}</msg>
<msg timestamp="20190415 16:20:25.430" level="DEBUG">http://127.0.0.1:33835 "GET /session/7e37ea6c8c9f37f02b069612bd1d9312/element/0.30711452499388137-2/displayed HTTP/1.1" 200 72</msg>
<msg timestamp="20190415 16:20:25.431" level="DEBUG">Finished Request</msg>
<msg timestamp="20190415 16:20:25.431" level="TRACE">Return: None</msg>
<status status="PASS" starttime="20190415 16:20:25.385" endtime="20190415 16:20:25.431"></status>
</kw>
<kw name="Click Element" library="SeleniumLibrary">
<doc>Click element identified by ``locator``.</doc>
<arguments>
<arg>user_pass</arg>
</arguments>
<msg timestamp="20190415 16:20:25.432" level="TRACE">Arguments: [ 'user_pass' ]</msg>
<msg timestamp="20190415 16:20:25.432" level="INFO">Clicking element 'user_pass'.</msg>
<msg timestamp="20190415 16:20:25.432" level="DEBUG">POST http://127.0.0.1:33835/session/7e37ea6c8c9f37f02b069612bd1d9312/elements {"using": "xpath", "value": "//*[(@id='user_pass' or @name='user_pass')]", "sessionId": "7e37ea6c8c9f37f02b069612bd1d9312"}</msg>
<msg timestamp="20190415 16:20:25.443" level="DEBUG">http://127.0.0.1:33835 "POST /session/7e37ea6c8c9f37f02b069612bd1d9312/elements HTTP/1.1" 200 105</msg>
<msg timestamp="20190415 16:20:25.443" level="DEBUG">Finished Request</msg>
<msg timestamp="20190415 16:20:25.443" level="DEBUG">POST http://127.0.0.1:33835/session/7e37ea6c8c9f37f02b069612bd1d9312/element/0.30711452499388137-2/click {"id": "0.30711452499388137-2", "sessionId": "7e37ea6c8c9f37f02b069612bd1d9312"}</msg>
<msg timestamp="20190415 16:20:25.498" level="DEBUG">http://127.0.0.1:33835 "POST /session/7e37ea6c8c9f37f02b069612bd1d9312/element/0.30711452499388137-2/click HTTP/1.1" 200 72</msg>
<msg timestamp="20190415 16:20:25.499" level="DEBUG">Finished Request</msg>
<msg timestamp="20190415 16:20:25.499" level="TRACE">Return: None</msg>
<status status="PASS" starttime="20190415 16:20:25.432" endtime="20190415 16:20:25.499"></status>
</kw>
<kw name="Input Text" library="SeleniumLibrary">
<doc>Types the given ``text`` into text field identified by ``locator``.</doc>
<arguments>
<arg>user_pass</arg>
<arg>${password}</arg>
</arguments>
<msg timestamp="20190415 16:20:25.499" level="TRACE">Arguments: [ 'user_pass' | 'FALSCH' ]</msg>
<msg timestamp="20190415 16:20:25.499" level="INFO">Typing text 'FALSCH' into text field 'user_pass'.</msg>
<msg timestamp="20190415 16:20:25.499" level="DEBUG">POST http://127.0.0.1:33835/session/7e37ea6c8c9f37f02b069612bd1d9312/elements {"using": "xpath", "value": "//*[(@id='user_pass' or @name='user_pass')]", "sessionId": "7e37ea6c8c9f37f02b069612bd1d9312"}</msg>
<msg timestamp="20190415 16:20:25.527" level="DEBUG">http://127.0.0.1:33835 "POST /session/7e37ea6c8c9f37f02b069612bd1d9312/elements HTTP/1.1" 200 105</msg>
<msg timestamp="20190415 16:20:25.527" level="DEBUG">Finished Request</msg>
<msg timestamp="20190415 16:20:25.528" level="DEBUG">POST http://127.0.0.1:33835/session/7e37ea6c8c9f37f02b069612bd1d9312/element/0.30711452499388137-2/clear {"id": "0.30711452499388137-2", "sessionId": "7e37ea6c8c9f37f02b069612bd1d9312"}</msg>
<msg timestamp="20190415 16:20:25.581" level="DEBUG">http://127.0.0.1:33835 "POST /session/7e37ea6c8c9f37f02b069612bd1d9312/element/0.30711452499388137-2/clear HTTP/1.1" 200 72</msg>
<msg timestamp="20190415 16:20:25.582" level="DEBUG">Finished Request</msg>
<msg timestamp="20190415 16:20:25.582" level="DEBUG">POST http://127.0.0.1:33835/session/7e37ea6c8c9f37f02b069612bd1d9312/element/0.30711452499388137-2/value {"text": "FALSCH", "value": ["F", "A", "L", "S", "C", "H"], "id": "0.30711452499388137-2", "sessionId": "7e37ea6c8c9f37f02b069612bd1d9312"}</msg>
<msg timestamp="20190415 16:20:25.679" level="DEBUG">http://127.0.0.1:33835 "POST /session/7e37ea6c8c9f37f02b069612bd1d9312/element/0.30711452499388137-2/value HTTP/1.1" 200 72</msg>
<msg timestamp="20190415 16:20:25.680" level="DEBUG">Finished Request</msg>
<msg timestamp="20190415 16:20:25.680" level="TRACE">Return: None</msg>
<status status="PASS" starttime="20190415 16:20:25.499" endtime="20190415 16:20:25.680"></status>
</kw>
<msg timestamp="20190415 16:20:25.680" level="TRACE">Return: None</msg>
<status status="PASS" starttime="20190415 16:20:25.384" endtime="20190415 16:20:25.680"></status>
</kw>
<kw name="Submit Credentials" library="demo_keyword">
<msg timestamp="20190415 16:20:25.681" level="TRACE">Arguments: [  ]</msg>
<kw name="Click Button" library="SeleniumLibrary">
<doc>Clicks button identified by ``locator``.</doc>
<arguments>
<arg>wp-submit</arg>
</arguments>
<msg timestamp="20190415 16:20:25.681" level="TRACE">Arguments: [ 'wp-submit' ]</msg>
<msg timestamp="20190415 16:20:25.681" level="INFO">Clicking button 'wp-submit'.</msg>
<msg timestamp="20190415 16:20:25.681" level="DEBUG">GET http://127.0.0.1:33835/session/7e37ea6c8c9f37f02b069612bd1d9312/url {"sessionId": "7e37ea6c8c9f37f02b069612bd1d9312"}</msg>
<msg timestamp="20190415 16:20:25.690" level="DEBUG">http://127.0.0.1:33835 "GET /session/7e37ea6c8c9f37f02b069612bd1d9312/url HTTP/1.1" 200 109</msg>
<msg timestamp="20190415 16:20:25.690" level="DEBUG">Finished Request</msg>
<msg timestamp="20190415 16:20:25.691" level="DEBUG">POST http://127.0.0.1:33835/session/7e37ea6c8c9f37f02b069612bd1d9312/elements {"using": "xpath", "value": "//input[(@id='wp-submit' or @name='wp-submit' or @value='wp-submit' or @src='wp-submit' or @src='http://localhost/wordpress/wp-submit')]", "sessionId": "7e37ea6c8c9f37f02b069612bd1d9312"}</msg>
<msg timestamp="20190415 16:20:25.709" level="DEBUG">http://127.0.0.1:33835 "POST /session/7e37ea6c8c9f37f02b069612bd1d9312/elements HTTP/1.1" 200 105</msg>
<msg timestamp="20190415 16:20:25.709" level="DEBUG">Finished Request</msg>
<msg timestamp="20190415 16:20:25.709" level="DEBUG">POST http://127.0.0.1:33835/session/7e37ea6c8c9f37f02b069612bd1d9312/element/0.30711452499388137-3/click {"id": "0.30711452499388137-3", "sessionId": "7e37ea6c8c9f37f02b069612bd1d9312"}</msg>
<msg timestamp="20190415 16:20:25.961" level="DEBUG">http://127.0.0.1:33835 "POST /session/7e37ea6c8c9f37f02b069612bd1d9312/element/0.30711452499388137-3/click HTTP/1.1" 200 72</msg>
<msg timestamp="20190415 16:20:25.961" level="DEBUG">Finished Request</msg>
<msg timestamp="20190415 16:20:25.961" level="TRACE">Return: None</msg>
<status status="PASS" starttime="20190415 16:20:25.681" endtime="20190415 16:20:25.961"></status>
</kw>
<msg timestamp="20190415 16:20:25.962" level="TRACE">Return: None</msg>
<status status="PASS" starttime="20190415 16:20:25.681" endtime="20190415 16:20:25.962"></status>
</kw>
<kw name="Password Error Message Should Be Shown" library="demo_keyword">
<msg timestamp="20190415 16:20:25.962" level="TRACE">Arguments: [  ]</msg>
<kw name="Wait Until Element Contains" library="SeleniumLibrary">
<doc>Waits until element ``locator`` contains ``text``.</doc>
<arguments>
<arg>login_error</arg>
<arg>FEHLER: Das Passwort</arg>
</arguments>
<msg timestamp="20190415 16:20:25.962" level="TRACE">Arguments: [ 'login_error' | 'FEHLER: Das Passwort' ]</msg>
<msg timestamp="20190415 16:20:25.963" level="DEBUG">POST http://127.0.0.1:33835/session/7e37ea6c8c9f37f02b069612bd1d9312/elements {"using": "xpath", "value": "//*[(@id='login_error' or @name='login_error')]", "sessionId": "7e37ea6c8c9f37f02b069612bd1d9312"}</msg>
<msg timestamp="20190415 16:20:26.010" level="DEBUG">http://127.0.0.1:33835 "POST /session/7e37ea6c8c9f37f02b069612bd1d9312/elements HTTP/1.1" 200 103</msg>
<msg timestamp="20190415 16:20:26.010" level="DEBUG">Finished Request</msg>
<msg timestamp="20190415 16:20:26.010" level="DEBUG">GET http://127.0.0.1:33835/session/7e37ea6c8c9f37f02b069612bd1d9312/element/0.765089577829063-1/text {"id": "0.765089577829063-1", "sessionId": "7e37ea6c8c9f37f02b069612bd1d9312"}</msg>
<msg timestamp="20190415 16:20:26.048" level="DEBUG">http://127.0.0.1:33835 "GET /session/7e37ea6c8c9f37f02b069612bd1d9312/element/0.765089577829063-1/text HTTP/1.1" 200 183</msg>
<msg timestamp="20190415 16:20:26.048" level="DEBUG">Finished Request</msg>
<msg timestamp="20190415 16:20:26.048" level="TRACE">Return: None</msg>
<status status="PASS" starttime="20190415 16:20:25.962" endtime="20190415 16:20:26.049"></status>
</kw>
<msg timestamp="20190415 16:20:26.049" level="TRACE">Return: None</msg>
<status status="PASS" starttime="20190415 16:20:25.962" endtime="20190415 16:20:26.049"></status>
</kw>
<doc>Perform a login as admin with a wrong password</doc>
<tags>
<tag>All</tag>
<tag>ErrorLogin</tag>
<tag>Login</tag>
</tags>
<status status="PASS" starttime="20190415 16:20:20.141" endtime="20190415 16:20:26.049" critical="yes"></status>
</test>
<test id="s1-t2" name="Wrong Username Login">
<kw name="Setup_Test" library="demo_keyword" type="setup">
<msg timestamp="20190415 16:20:26.051" level="TRACE">Arguments: [  ]</msg>
<kw name="Go To" library="SeleniumLibrary">
<doc>Navigates the active browser instance to the provided ``url``.</doc>
<arguments>
<arg>${URL}</arg>
</arguments>
<msg timestamp="20190415 16:20:26.051" level="TRACE">Arguments: [ 'http://localhost/wordpress' ]</msg>
<msg timestamp="20190415 16:20:26.053" level="INFO">Opening url 'http://localhost/wordpress'</msg>
<msg timestamp="20190415 16:20:26.053" level="DEBUG">POST http://127.0.0.1:33835/session/7e37ea6c8c9f37f02b069612bd1d9312/url {"url": "http://localhost/wordpress", "sessionId": "7e37ea6c8c9f37f02b069612bd1d9312"}</msg>
<msg timestamp="20190415 16:20:26.297" level="DEBUG">http://127.0.0.1:33835 "POST /session/7e37ea6c8c9f37f02b069612bd1d9312/url HTTP/1.1" 200 72</msg>
<msg timestamp="20190415 16:20:26.297" level="DEBUG">Finished Request</msg>
<msg timestamp="20190415 16:20:26.297" level="TRACE">Return: None</msg>
<status status="PASS" starttime="20190415 16:20:26.051" endtime="20190415 16:20:26.298"></status>
</kw>
<kw name="Title Should Be" library="SeleniumLibrary">
<doc>Verifies that current page title equals ``title``.</doc>
<arguments>
<arg>NCS-Testing</arg>
</arguments>
<msg timestamp="20190415 16:20:26.298" level="TRACE">Arguments: [ 'NCS-Testing' ]</msg>
<msg timestamp="20190415 16:20:26.298" level="DEBUG">GET http://127.0.0.1:33835/session/7e37ea6c8c9f37f02b069612bd1d9312/title {"sessionId": "7e37ea6c8c9f37f02b069612bd1d9312"}</msg>
<msg timestamp="20190415 16:20:26.333" level="DEBUG">http://127.0.0.1:33835 "GET /session/7e37ea6c8c9f37f02b069612bd1d9312/title HTTP/1.1" 200 81</msg>
<msg timestamp="20190415 16:20:26.333" level="DEBUG">Finished Request</msg>
<msg timestamp="20190415 16:20:26.334" level="INFO">Page title is 'NCS-Testing'.</msg>
<msg timestamp="20190415 16:20:26.334" level="TRACE">Return: None</msg>
<status status="PASS" starttime="20190415 16:20:26.298" endtime="20190415 16:20:26.334"></status>
</kw>
<msg timestamp="20190415 16:20:26.334" level="TRACE">Return: None</msg>
<status status="PASS" starttime="20190415 16:20:26.051" endtime="20190415 16:20:26.334"></status>
</kw>
<kw name="Navigate To Login Page" library="demo_keyword">
<msg timestamp="20190415 16:20:26.335" level="TRACE">Arguments: [  ]</msg>
<kw name="Click Element" library="SeleniumLibrary">
<doc>Click element identified by ``locator``.</doc>
<arguments>
<arg>link:Anmelden</arg>
</arguments>
<msg timestamp="20190415 16:20:26.335" level="TRACE">Arguments: [ 'link:Anmelden' ]</msg>
<msg timestamp="20190415 16:20:26.335" level="INFO">Clicking element 'link:Anmelden'.</msg>
<msg timestamp="20190415 16:20:26.336" level="DEBUG">POST http://127.0.0.1:33835/session/7e37ea6c8c9f37f02b069612bd1d9312/elements {"using": "link text", "value": "Anmelden", "sessionId": "7e37ea6c8c9f37f02b069612bd1d9312"}</msg>
<msg timestamp="20190415 16:20:26.394" level="DEBUG">http://127.0.0.1:33835 "POST /session/7e37ea6c8c9f37f02b069612bd1d9312/elements HTTP/1.1" 200 103</msg>
<msg timestamp="20190415 16:20:26.394" level="DEBUG">Finished Request</msg>
<msg timestamp="20190415 16:20:26.395" level="DEBUG">POST http://127.0.0.1:33835/session/7e37ea6c8c9f37f02b069612bd1d9312/element/0.877400393819818-1/click {"id": "0.877400393819818-1", "sessionId": "7e37ea6c8c9f37f02b069612bd1d9312"}</msg>
<msg timestamp="20190415 16:20:26.625" level="DEBUG">http://127.0.0.1:33835 "POST /session/7e37ea6c8c9f37f02b069612bd1d9312/element/0.877400393819818-1/click HTTP/1.1" 200 72</msg>
<msg timestamp="20190415 16:20:26.627" level="DEBUG">Finished Request</msg>
<msg timestamp="20190415 16:20:26.627" level="TRACE">Return: None</msg>
<status status="PASS" starttime="20190415 16:20:26.335" endtime="20190415 16:20:26.627"></status>
</kw>
<msg timestamp="20190415 16:20:26.628" level="TRACE">Return: None</msg>
<status status="PASS" starttime="20190415 16:20:26.335" endtime="20190415 16:20:26.633"></status>
</kw>
<kw name="Input Username" library="demo_keyword">
<arguments>
<arg>FLASCH</arg>
</arguments>
<msg timestamp="20190415 16:20:26.651" level="TRACE">Arguments: [ ${username}='FLASCH' ]</msg>
<kw name="Wait Until Element Is Visible" library="SeleniumLibrary">
<doc>Waits until element ``locator`` is visible.</doc>
<arguments>
<arg>user_login</arg>
</arguments>
<msg timestamp="20190415 16:20:26.655" level="TRACE">Arguments: [ 'user_login' ]</msg>
<msg timestamp="20190415 16:20:26.659" level="DEBUG">POST http://127.0.0.1:33835/session/7e37ea6c8c9f37f02b069612bd1d9312/elements {"using": "xpath", "value": "//*[(@id='user_login' or @name='user_login')]", "sessionId": "7e37ea6c8c9f37f02b069612bd1d9312"}</msg>
<msg timestamp="20190415 16:20:26.704" level="DEBUG">http://127.0.0.1:33835 "POST /session/7e37ea6c8c9f37f02b069612bd1d9312/elements HTTP/1.1" 200 104</msg>
<msg timestamp="20190415 16:20:26.705" level="DEBUG">Finished Request</msg>
<msg timestamp="20190415 16:20:26.705" level="DEBUG">GET http://127.0.0.1:33835/session/7e37ea6c8c9f37f02b069612bd1d9312/element/0.5865257863102231-1/displayed {"id": "0.5865257863102231-1", "sessionId": "7e37ea6c8c9f37f02b069612bd1d9312"}</msg>
<msg timestamp="20190415 16:20:26.736" level="DEBUG">http://127.0.0.1:33835 "GET /session/7e37ea6c8c9f37f02b069612bd1d9312/element/0.5865257863102231-1/displayed HTTP/1.1" 200 72</msg>
<msg timestamp="20190415 16:20:26.737" level="DEBUG">Finished Request</msg>
<msg timestamp="20190415 16:20:26.737" level="TRACE">Return: None</msg>
<status status="PASS" starttime="20190415 16:20:26.652" endtime="20190415 16:20:26.737"></status>
</kw>
<kw name="Click Element" library="SeleniumLibrary">
<doc>Click element identified by ``locator``.</doc>
<arguments>
<arg>user_login</arg>
</arguments>
<msg timestamp="20190415 16:20:26.738" level="TRACE">Arguments: [ 'user_login' ]</msg>
<msg timestamp="20190415 16:20:26.738" level="INFO">Clicking element 'user_login'.</msg>
<msg timestamp="20190415 16:20:26.738" level="DEBUG">POST http://127.0.0.1:33835/session/7e37ea6c8c9f37f02b069612bd1d9312/elements {"using": "xpath", "value": "//*[(@id='user_login' or @name='user_login')]", "sessionId": "7e37ea6c8c9f37f02b069612bd1d9312"}</msg>
<msg timestamp="20190415 16:20:26.747" level="DEBUG">http://127.0.0.1:33835 "POST /session/7e37ea6c8c9f37f02b069612bd1d9312/elements HTTP/1.1" 200 104</msg>
<msg timestamp="20190415 16:20:26.748" level="DEBUG">Finished Request</msg>
<msg timestamp="20190415 16:20:26.748" level="DEBUG">POST http://127.0.0.1:33835/session/7e37ea6c8c9f37f02b069612bd1d9312/element/0.5865257863102231-1/click {"id": "0.5865257863102231-1", "sessionId": "7e37ea6c8c9f37f02b069612bd1d9312"}</msg>
<msg timestamp="20190415 16:20:26.839" level="DEBUG">http://127.0.0.1:33835 "POST /session/7e37ea6c8c9f37f02b069612bd1d9312/element/0.5865257863102231-1/click HTTP/1.1" 200 72</msg>
<msg timestamp="20190415 16:20:26.840" level="DEBUG">Finished Request</msg>
<msg timestamp="20190415 16:20:26.840" level="TRACE">Return: None</msg>
<status status="PASS" starttime="20190415 16:20:26.738" endtime="20190415 16:20:26.840"></status>
</kw>
<kw name="Input Text" library="SeleniumLibrary">
<doc>Types the given ``text`` into text field identified by ``locator``.</doc>
<arguments>
<arg>user_login</arg>
<arg>${username}</arg>
</arguments>
<msg timestamp="20190415 16:20:26.841" level="TRACE">Arguments: [ 'user_login' | 'FLASCH' ]</msg>
<msg timestamp="20190415 16:20:26.841" level="INFO">Typing text 'FLASCH' into text field 'user_login'.</msg>
<msg timestamp="20190415 16:20:26.841" level="DEBUG">POST http://127.0.0.1:33835/session/7e37ea6c8c9f37f02b069612bd1d9312/elements {"using": "xpath", "value": "//*[(@id='user_login' or @name='user_login')]", "sessionId": "7e37ea6c8c9f37f02b069612bd1d9312"}</msg>
<msg timestamp="20190415 16:20:26.867" level="DEBUG">http://127.0.0.1:33835 "POST /session/7e37ea6c8c9f37f02b069612bd1d9312/elements HTTP/1.1" 200 104</msg>
<msg timestamp="20190415 16:20:26.868" level="DEBUG">Finished Request</msg>
<msg timestamp="20190415 16:20:26.868" level="DEBUG">POST http://127.0.0.1:33835/session/7e37ea6c8c9f37f02b069612bd1d9312/element/0.5865257863102231-1/clear {"id": "0.5865257863102231-1", "sessionId": "7e37ea6c8c9f37f02b069612bd1d9312"}</msg>
<msg timestamp="20190415 16:20:26.917" level="DEBUG">http://127.0.0.1:33835 "POST /session/7e37ea6c8c9f37f02b069612bd1d9312/element/0.5865257863102231-1/clear HTTP/1.1" 200 72</msg>
<msg timestamp="20190415 16:20:26.917" level="DEBUG">Finished Request</msg>
<msg timestamp="20190415 16:20:26.918" level="DEBUG">POST http://127.0.0.1:33835/session/7e37ea6c8c9f37f02b069612bd1d9312/element/0.5865257863102231-1/value {"text": "FLASCH", "value": ["F", "L", "A", "S", "C", "H"], "id": "0.5865257863102231-1", "sessionId": "7e37ea6c8c9f37f02b069612bd1d9312"}</msg>
<msg timestamp="20190415 16:20:27.014" level="DEBUG">http://127.0.0.1:33835 "POST /session/7e37ea6c8c9f37f02b069612bd1d9312/element/0.5865257863102231-1/value HTTP/1.1" 200 72</msg>
<msg timestamp="20190415 16:20:27.014" level="DEBUG">Finished Request</msg>
<msg timestamp="20190415 16:20:27.015" level="TRACE">Return: None</msg>
<status status="PASS" starttime="20190415 16:20:26.840" endtime="20190415 16:20:27.015"></status>
</kw>
<msg timestamp="20190415 16:20:27.015" level="TRACE">Return: None</msg>
<status status="PASS" starttime="20190415 16:20:26.649" endtime="20190415 16:20:27.015"></status>
</kw>
<kw name="Input Password" library="demo_keyword">
<arguments>
<arg>${SuperUserPW}</arg>
</arguments>
<msg timestamp="20190415 16:20:27.015" level="TRACE">Arguments: [ ${password}='!NCS2019' ]</msg>
<kw name="Wait Until Element Is Visible" library="SeleniumLibrary">
<doc>Waits until element ``locator`` is visible.</doc>
<arguments>
<arg>user_pass</arg>
</arguments>
<msg timestamp="20190415 16:20:27.016" level="TRACE">Arguments: [ 'user_pass' ]</msg>
<msg timestamp="20190415 16:20:27.016" level="DEBUG">POST http://127.0.0.1:33835/session/7e37ea6c8c9f37f02b069612bd1d9312/elements {"using": "xpath", "value": "//*[(@id='user_pass' or @name='user_pass')]", "sessionId": "7e37ea6c8c9f37f02b069612bd1d9312"}</msg>
<msg timestamp="20190415 16:20:27.029" level="DEBUG">http://127.0.0.1:33835 "POST /session/7e37ea6c8c9f37f02b069612bd1d9312/elements HTTP/1.1" 200 104</msg>
<msg timestamp="20190415 16:20:27.030" level="DEBUG">Finished Request</msg>
<msg timestamp="20190415 16:20:27.030" level="DEBUG">GET http://127.0.0.1:33835/session/7e37ea6c8c9f37f02b069612bd1d9312/element/0.5865257863102231-2/displayed {"id": "0.5865257863102231-2", "sessionId": "7e37ea6c8c9f37f02b069612bd1d9312"}</msg>
<msg timestamp="20190415 16:20:27.050" level="DEBUG">http://127.0.0.1:33835 "GET /session/7e37ea6c8c9f37f02b069612bd1d9312/element/0.5865257863102231-2/displayed HTTP/1.1" 200 72</msg>
<msg timestamp="20190415 16:20:27.050" level="DEBUG">Finished Request</msg>
<msg timestamp="20190415 16:20:27.050" level="TRACE">Return: None</msg>
<status status="PASS" starttime="20190415 16:20:27.015" endtime="20190415 16:20:27.051"></status>
</kw>
<kw name="Click Element" library="SeleniumLibrary">
<doc>Click element identified by ``locator``.</doc>
<arguments>
<arg>user_pass</arg>
</arguments>
<msg timestamp="20190415 16:20:27.051" level="TRACE">Arguments: [ 'user_pass' ]</msg>
<msg timestamp="20190415 16:20:27.051" level="INFO">Clicking element 'user_pass'.</msg>
<msg timestamp="20190415 16:20:27.051" level="DEBUG">POST http://127.0.0.1:33835/session/7e37ea6c8c9f37f02b069612bd1d9312/elements {"using": "xpath", "value": "//*[(@id='user_pass' or @name='user_pass')]", "sessionId": "7e37ea6c8c9f37f02b069612bd1d9312"}</msg>
<msg timestamp="20190415 16:20:27.068" level="DEBUG">http://127.0.0.1:33835 "POST /session/7e37ea6c8c9f37f02b069612bd1d9312/elements HTTP/1.1" 200 104</msg>
<msg timestamp="20190415 16:20:27.068" level="DEBUG">Finished Request</msg>
<msg timestamp="20190415 16:20:27.068" level="DEBUG">POST http://127.0.0.1:33835/session/7e37ea6c8c9f37f02b069612bd1d9312/element/0.5865257863102231-2/click {"id": "0.5865257863102231-2", "sessionId": "7e37ea6c8c9f37f02b069612bd1d9312"}</msg>
<msg timestamp="20190415 16:20:27.146" level="DEBUG">http://127.0.0.1:33835 "POST /session/7e37ea6c8c9f37f02b069612bd1d9312/element/0.5865257863102231-2/click HTTP/1.1" 200 72</msg>
<msg timestamp="20190415 16:20:27.146" level="DEBUG">Finished Request</msg>
<msg timestamp="20190415 16:20:27.146" level="TRACE">Return: None</msg>
<status status="PASS" starttime="20190415 16:20:27.051" endtime="20190415 16:20:27.146"></status>
</kw>
<kw name="Input Text" library="SeleniumLibrary">
<doc>Types the given ``text`` into text field identified by ``locator``.</doc>
<arguments>
<arg>user_pass</arg>
<arg>${password}</arg>
</arguments>
<msg timestamp="20190415 16:20:27.147" level="TRACE">Arguments: [ 'user_pass' | '!NCS2019' ]</msg>
<msg timestamp="20190415 16:20:27.147" level="INFO">Typing text '!NCS2019' into text field 'user_pass'.</msg>
<msg timestamp="20190415 16:20:27.147" level="DEBUG">POST http://127.0.0.1:33835/session/7e37ea6c8c9f37f02b069612bd1d9312/elements {"using": "xpath", "value": "//*[(@id='user_pass' or @name='user_pass')]", "sessionId": "7e37ea6c8c9f37f02b069612bd1d9312"}</msg>
<msg timestamp="20190415 16:20:27.163" level="DEBUG">http://127.0.0.1:33835 "POST /session/7e37ea6c8c9f37f02b069612bd1d9312/elements HTTP/1.1" 200 104</msg>
<msg timestamp="20190415 16:20:27.163" level="DEBUG">Finished Request</msg>
<msg timestamp="20190415 16:20:27.163" level="DEBUG">POST http://127.0.0.1:33835/session/7e37ea6c8c9f37f02b069612bd1d9312/element/0.5865257863102231-2/clear {"id": "0.5865257863102231-2", "sessionId": "7e37ea6c8c9f37f02b069612bd1d9312"}</msg>
<msg timestamp="20190415 16:20:27.202" level="DEBUG">http://127.0.0.1:33835 "POST /session/7e37ea6c8c9f37f02b069612bd1d9312/element/0.5865257863102231-2/clear HTTP/1.1" 200 72</msg>
<msg timestamp="20190415 16:20:27.202" level="DEBUG">Finished Request</msg>
<msg timestamp="20190415 16:20:27.203" level="DEBUG">POST http://127.0.0.1:33835/session/7e37ea6c8c9f37f02b069612bd1d9312/element/0.5865257863102231-2/value {"text": "!NCS2019", "value": ["!", "N", "C", "S", "2", "0", "1", "9"], "id": "0.5865257863102231-2", "sessionId": "7e37ea6c8c9f37f02b069612bd1d9312"}</msg>
<msg timestamp="20190415 16:20:27.291" level="DEBUG">http://127.0.0.1:33835 "POST /session/7e37ea6c8c9f37f02b069612bd1d9312/element/0.5865257863102231-2/value HTTP/1.1" 200 72</msg>
<msg timestamp="20190415 16:20:27.291" level="DEBUG">Finished Request</msg>
<msg timestamp="20190415 16:20:27.291" level="TRACE">Return: None</msg>
<status status="PASS" starttime="20190415 16:20:27.147" endtime="20190415 16:20:27.291"></status>
</kw>
<msg timestamp="20190415 16:20:27.292" level="TRACE">Return: None</msg>
<status status="PASS" starttime="20190415 16:20:27.015" endtime="20190415 16:20:27.292"></status>
</kw>
<kw name="Submit Credentials" library="demo_keyword">
<msg timestamp="20190415 16:20:27.292" level="TRACE">Arguments: [  ]</msg>
<kw name="Click Button" library="SeleniumLibrary">
<doc>Clicks button identified by ``locator``.</doc>
<arguments>
<arg>wp-submit</arg>
</arguments>
<msg timestamp="20190415 16:20:27.292" level="TRACE">Arguments: [ 'wp-submit' ]</msg>
<msg timestamp="20190415 16:20:27.292" level="INFO">Clicking button 'wp-submit'.</msg>
<msg timestamp="20190415 16:20:27.293" level="DEBUG">GET http://127.0.0.1:33835/session/7e37ea6c8c9f37f02b069612bd1d9312/url {"sessionId": "7e37ea6c8c9f37f02b069612bd1d9312"}</msg>
<msg timestamp="20190415 16:20:27.300" level="DEBUG">http://127.0.0.1:33835 "GET /session/7e37ea6c8c9f37f02b069612bd1d9312/url HTTP/1.1" 200 109</msg>
<msg timestamp="20190415 16:20:27.300" level="DEBUG">Finished Request</msg>
<msg timestamp="20190415 16:20:27.301" level="DEBUG">POST http://127.0.0.1:33835/session/7e37ea6c8c9f37f02b069612bd1d9312/elements {"using": "xpath", "value": "//input[(@id='wp-submit' or @name='wp-submit' or @value='wp-submit' or @src='wp-submit' or @src='http://localhost/wordpress/wp-submit')]", "sessionId": "7e37ea6c8c9f37f02b069612bd1d9312"}</msg>
<msg timestamp="20190415 16:20:27.311" level="DEBUG">http://127.0.0.1:33835 "POST /session/7e37ea6c8c9f37f02b069612bd1d9312/elements HTTP/1.1" 200 104</msg>
<msg timestamp="20190415 16:20:27.311" level="DEBUG">Finished Request</msg>
<msg timestamp="20190415 16:20:27.311" level="DEBUG">POST http://127.0.0.1:33835/session/7e37ea6c8c9f37f02b069612bd1d9312/element/0.5865257863102231-3/click {"id": "0.5865257863102231-3", "sessionId": "7e37ea6c8c9f37f02b069612bd1d9312"}</msg>
<msg timestamp="20190415 16:20:27.533" level="DEBUG">http://127.0.0.1:33835 "POST /session/7e37ea6c8c9f37f02b069612bd1d9312/element/0.5865257863102231-3/click HTTP/1.1" 200 72</msg>
<msg timestamp="20190415 16:20:27.533" level="DEBUG">Finished Request</msg>
<msg timestamp="20190415 16:20:27.533" level="TRACE">Return: None</msg>
<status status="PASS" starttime="20190415 16:20:27.292" endtime="20190415 16:20:27.533"></status>
</kw>
<msg timestamp="20190415 16:20:27.533" level="TRACE">Return: None</msg>
<status status="PASS" starttime="20190415 16:20:27.292" endtime="20190415 16:20:27.533"></status>
</kw>
<kw name="User Error Message Should Be Shown" library="demo_keyword">
<msg timestamp="20190415 16:20:27.534" level="TRACE">Arguments: [  ]</msg>
<kw name="Wait Until Element Contains" library="SeleniumLibrary">
<doc>Waits until element ``locator`` contains ``text``.</doc>
<arguments>
<arg>login_error</arg>
<arg>FEHLER: Ungültiger Benutzername</arg>
</arguments>
<msg timestamp="20190415 16:20:27.534" level="TRACE">Arguments: [ 'login_error' | 'FEHLER: Ungültiger Benutzername' ]</msg>
<msg timestamp="20190415 16:20:27.534" level="DEBUG">POST http://127.0.0.1:33835/session/7e37ea6c8c9f37f02b069612bd1d9312/elements {"using": "xpath", "value": "//*[(@id='login_error' or @name='login_error')]", "sessionId": "7e37ea6c8c9f37f02b069612bd1d9312"}</msg>
<msg timestamp="20190415 16:20:27.576" level="DEBUG">http://127.0.0.1:33835 "POST /session/7e37ea6c8c9f37f02b069612bd1d9312/elements HTTP/1.1" 200 105</msg>
<msg timestamp="20190415 16:20:27.577" level="DEBUG">Finished Request</msg>
<msg timestamp="20190415 16:20:27.577" level="DEBUG">GET http://127.0.0.1:33835/session/7e37ea6c8c9f37f02b069612bd1d9312/element/0.31057296163250125-1/text {"id": "0.31057296163250125-1", "sessionId": "7e37ea6c8c9f37f02b069612bd1d9312"}</msg>
<msg timestamp="20190415 16:20:27.615" level="DEBUG">http://127.0.0.1:33835 "GET /session/7e37ea6c8c9f37f02b069612bd1d9312/element/0.31057296163250125-1/text HTTP/1.1" 200 123</msg>
<msg timestamp="20190415 16:20:27.615" level="DEBUG">Finished Request</msg>
<msg timestamp="20190415 16:20:27.616" level="TRACE">Return: None</msg>
<status status="PASS" starttime="20190415 16:20:27.534" endtime="20190415 16:20:27.616"></status>
</kw>
<msg timestamp="20190415 16:20:27.616" level="TRACE">Return: None</msg>
<status status="PASS" starttime="20190415 16:20:27.534" endtime="20190415 16:20:27.616"></status>
</kw>
<doc>Perform a login with a wrong Username</doc>
<tags>
<tag>All</tag>
<tag>ErrorLogin</tag>
<tag>Login</tag>
</tags>
<status status="PASS" starttime="20190415 16:20:26.050" endtime="20190415 16:20:27.616" critical="yes"></status>
</test>
<test id="s1-t3" name="Valid Admin Login">
<kw name="Setup_Test" library="demo_keyword" type="setup">
<msg timestamp="20190415 16:20:27.617" level="TRACE">Arguments: [  ]</msg>
<kw name="Go To" library="SeleniumLibrary">
<doc>Navigates the active browser instance to the provided ``url``.</doc>
<arguments>
<arg>${URL}</arg>
</arguments>
<msg timestamp="20190415 16:20:27.618" level="TRACE">Arguments: [ 'http://localhost/wordpress' ]</msg>
<msg timestamp="20190415 16:20:27.618" level="INFO">Opening url 'http://localhost/wordpress'</msg>
<msg timestamp="20190415 16:20:27.618" level="DEBUG">POST http://127.0.0.1:33835/session/7e37ea6c8c9f37f02b069612bd1d9312/url {"url": "http://localhost/wordpress", "sessionId": "7e37ea6c8c9f37f02b069612bd1d9312"}</msg>
<msg timestamp="20190415 16:20:28.005" level="DEBUG">http://127.0.0.1:33835 "POST /session/7e37ea6c8c9f37f02b069612bd1d9312/url HTTP/1.1" 200 72</msg>
<msg timestamp="20190415 16:20:28.005" level="DEBUG">Finished Request</msg>
<msg timestamp="20190415 16:20:28.005" level="TRACE">Return: None</msg>
<status status="PASS" starttime="20190415 16:20:27.617" endtime="20190415 16:20:28.005"></status>
</kw>
<kw name="Title Should Be" library="SeleniumLibrary">
<doc>Verifies that current page title equals ``title``.</doc>
<arguments>
<arg>NCS-Testing</arg>
</arguments>
<msg timestamp="20190415 16:20:28.006" level="TRACE">Arguments: [ 'NCS-Testing' ]</msg>
<msg timestamp="20190415 16:20:28.006" level="DEBUG">GET http://127.0.0.1:33835/session/7e37ea6c8c9f37f02b069612bd1d9312/title {"sessionId": "7e37ea6c8c9f37f02b069612bd1d9312"}</msg>
<msg timestamp="20190415 16:20:28.029" level="DEBUG">http://127.0.0.1:33835 "GET /session/7e37ea6c8c9f37f02b069612bd1d9312/title HTTP/1.1" 200 81</msg>
<msg timestamp="20190415 16:20:28.029" level="DEBUG">Finished Request</msg>
<msg timestamp="20190415 16:20:28.029" level="INFO">Page title is 'NCS-Testing'.</msg>
<msg timestamp="20190415 16:20:28.029" level="TRACE">Return: None</msg>
<status status="PASS" starttime="20190415 16:20:28.006" endtime="20190415 16:20:28.029"></status>
</kw>
<msg timestamp="20190415 16:20:28.029" level="TRACE">Return: None</msg>
<status status="PASS" starttime="20190415 16:20:27.617" endtime="20190415 16:20:28.029"></status>
</kw>
<kw name="Navigate To Login Page" library="demo_keyword">
<msg timestamp="20190415 16:20:28.030" level="TRACE">Arguments: [  ]</msg>
<kw name="Click Element" library="SeleniumLibrary">
<doc>Click element identified by ``locator``.</doc>
<arguments>
<arg>link:Anmelden</arg>
</arguments>
<msg timestamp="20190415 16:20:28.030" level="TRACE">Arguments: [ 'link:Anmelden' ]</msg>
<msg timestamp="20190415 16:20:28.030" level="INFO">Clicking element 'link:Anmelden'.</msg>
<msg timestamp="20190415 16:20:28.030" level="DEBUG">POST http://127.0.0.1:33835/session/7e37ea6c8c9f37f02b069612bd1d9312/elements {"using": "link text", "value": "Anmelden", "sessionId": "7e37ea6c8c9f37f02b069612bd1d9312"}</msg>
<msg timestamp="20190415 16:20:28.112" level="DEBUG">http://127.0.0.1:33835 "POST /session/7e37ea6c8c9f37f02b069612bd1d9312/elements HTTP/1.1" 200 104</msg>
<msg timestamp="20190415 16:20:28.113" level="DEBUG">Finished Request</msg>
<msg timestamp="20190415 16:20:28.113" level="DEBUG">POST http://127.0.0.1:33835/session/7e37ea6c8c9f37f02b069612bd1d9312/element/0.5595599587373976-1/click {"id": "0.5595599587373976-1", "sessionId": "7e37ea6c8c9f37f02b069612bd1d9312"}</msg>
<msg timestamp="20190415 16:20:28.283" level="DEBUG">http://127.0.0.1:33835 "POST /session/7e37ea6c8c9f37f02b069612bd1d9312/element/0.5595599587373976-1/click HTTP/1.1" 200 72</msg>
<msg timestamp="20190415 16:20:28.283" level="DEBUG">Finished Request</msg>
<msg timestamp="20190415 16:20:28.283" level="TRACE">Return: None</msg>
<status status="PASS" starttime="20190415 16:20:28.030" endtime="20190415 16:20:28.283"></status>
</kw>
<msg timestamp="20190415 16:20:28.283" level="TRACE">Return: None</msg>
<status status="PASS" starttime="20190415 16:20:28.030" endtime="20190415 16:20:28.283"></status>
</kw>
<kw name="Input Username" library="demo_keyword">
<arguments>
<arg>${SuperUser}</arg>
</arguments>
<msg timestamp="20190415 16:20:28.284" level="TRACE">Arguments: [ ${username}='admin' ]</msg>
<kw name="Wait Until Element Is Visible" library="SeleniumLibrary">
<doc>Waits until element ``locator`` is visible.</doc>
<arguments>
<arg>user_login</arg>
</arguments>
<msg timestamp="20190415 16:20:28.284" level="TRACE">Arguments: [ 'user_login' ]</msg>
<msg timestamp="20190415 16:20:28.284" level="DEBUG">POST http://127.0.0.1:33835/session/7e37ea6c8c9f37f02b069612bd1d9312/elements {"using": "xpath", "value": "//*[(@id='user_login' or @name='user_login')]", "sessionId": "7e37ea6c8c9f37f02b069612bd1d9312"}</msg>
<msg timestamp="20190415 16:20:28.319" level="DEBUG">http://127.0.0.1:33835 "POST /session/7e37ea6c8c9f37f02b069612bd1d9312/elements HTTP/1.1" 200 106</msg>
<msg timestamp="20190415 16:20:28.320" level="DEBUG">Finished Request</msg>
<msg timestamp="20190415 16:20:28.320" level="DEBUG">GET http://127.0.0.1:33835/session/7e37ea6c8c9f37f02b069612bd1d9312/element/0.015442554857966195-1/displayed {"id": "0.015442554857966195-1", "sessionId": "7e37ea6c8c9f37f02b069612bd1d9312"}</msg>
<msg timestamp="20190415 16:20:28.344" level="DEBUG">http://127.0.0.1:33835 "GET /session/7e37ea6c8c9f37f02b069612bd1d9312/element/0.015442554857966195-1/displayed HTTP/1.1" 200 72</msg>
<msg timestamp="20190415 16:20:28.344" level="DEBUG">Finished Request</msg>
<msg timestamp="20190415 16:20:28.344" level="TRACE">Return: None</msg>
<status status="PASS" starttime="20190415 16:20:28.284" endtime="20190415 16:20:28.344"></status>
</kw>
<kw name="Click Element" library="SeleniumLibrary">
<doc>Click element identified by ``locator``.</doc>
<arguments>
<arg>user_login</arg>
</arguments>
<msg timestamp="20190415 16:20:28.345" level="TRACE">Arguments: [ 'user_login' ]</msg>
<msg timestamp="20190415 16:20:28.345" level="INFO">Clicking element 'user_login'.</msg>
<msg timestamp="20190415 16:20:28.345" level="DEBUG">POST http://127.0.0.1:33835/session/7e37ea6c8c9f37f02b069612bd1d9312/elements {"using": "xpath", "value": "//*[(@id='user_login' or @name='user_login')]", "sessionId": "7e37ea6c8c9f37f02b069612bd1d9312"}</msg>
<msg timestamp="20190415 16:20:28.359" level="DEBUG">http://127.0.0.1:33835 "POST /session/7e37ea6c8c9f37f02b069612bd1d9312/elements HTTP/1.1" 200 106</msg>
<msg timestamp="20190415 16:20:28.360" level="DEBUG">Finished Request</msg>
<msg timestamp="20190415 16:20:28.360" level="DEBUG">POST http://127.0.0.1:33835/session/7e37ea6c8c9f37f02b069612bd1d9312/element/0.015442554857966195-1/click {"id": "0.015442554857966195-1", "sessionId": "7e37ea6c8c9f37f02b069612bd1d9312"}</msg>
<msg timestamp="20190415 16:20:28.412" level="DEBUG">http://127.0.0.1:33835 "POST /session/7e37ea6c8c9f37f02b069612bd1d9312/element/0.015442554857966195-1/click HTTP/1.1" 200 72</msg>
<msg timestamp="20190415 16:20:28.412" level="DEBUG">Finished Request</msg>
<msg timestamp="20190415 16:20:28.412" level="TRACE">Return: None</msg>
<status status="PASS" starttime="20190415 16:20:28.345" endtime="20190415 16:20:28.412"></status>
</kw>
<kw name="Input Text" library="SeleniumLibrary">
<doc>Types the given ``text`` into text field identified by ``locator``.</doc>
<arguments>
<arg>user_login</arg>
<arg>${username}</arg>
</arguments>
<msg timestamp="20190415 16:20:28.413" level="TRACE">Arguments: [ 'user_login' | 'admin' ]</msg>
<msg timestamp="20190415 16:20:28.413" level="INFO">Typing text 'admin' into text field 'user_login'.</msg>
<msg timestamp="20190415 16:20:28.413" level="DEBUG">POST http://127.0.0.1:33835/session/7e37ea6c8c9f37f02b069612bd1d9312/elements {"using": "xpath", "value": "//*[(@id='user_login' or @name='user_login')]", "sessionId": "7e37ea6c8c9f37f02b069612bd1d9312"}</msg>
<msg timestamp="20190415 16:20:28.424" level="DEBUG">http://127.0.0.1:33835 "POST /session/7e37ea6c8c9f37f02b069612bd1d9312/elements HTTP/1.1" 200 106</msg>
<msg timestamp="20190415 16:20:28.425" level="DEBUG">Finished Request</msg>
<msg timestamp="20190415 16:20:28.425" level="DEBUG">POST http://127.0.0.1:33835/session/7e37ea6c8c9f37f02b069612bd1d9312/element/0.015442554857966195-1/clear {"id": "0.015442554857966195-1", "sessionId": "7e37ea6c8c9f37f02b069612bd1d9312"}</msg>
<msg timestamp="20190415 16:20:28.463" level="DEBUG">http://127.0.0.1:33835 "POST /session/7e37ea6c8c9f37f02b069612bd1d9312/element/0.015442554857966195-1/clear HTTP/1.1" 200 72</msg>
<msg timestamp="20190415 16:20:28.464" level="DEBUG">Finished Request</msg>
<msg timestamp="20190415 16:20:28.464" level="DEBUG">POST http://127.0.0.1:33835/session/7e37ea6c8c9f37f02b069612bd1d9312/element/0.015442554857966195-1/value {"text": "admin", "value": ["a", "d", "m", "i", "n"], "id": "0.015442554857966195-1", "sessionId": "7e37ea6c8c9f37f02b069612bd1d9312"}</msg>
<msg timestamp="20190415 16:20:28.532" level="DEBUG">http://127.0.0.1:33835 "POST /session/7e37ea6c8c9f37f02b069612bd1d9312/element/0.015442554857966195-1/value HTTP/1.1" 200 72</msg>
<msg timestamp="20190415 16:20:28.533" level="DEBUG">Finished Request</msg>
<msg timestamp="20190415 16:20:28.533" level="TRACE">Return: None</msg>
<status status="PASS" starttime="20190415 16:20:28.413" endtime="20190415 16:20:28.533"></status>
</kw>
<msg timestamp="20190415 16:20:28.533" level="TRACE">Return: None</msg>
<status status="PASS" starttime="20190415 16:20:28.284" endtime="20190415 16:20:28.533"></status>
</kw>
<kw name="Input Password" library="demo_keyword">
<arguments>
<arg>${SuperUserPW}</arg>
</arguments>
<msg timestamp="20190415 16:20:28.533" level="TRACE">Arguments: [ ${password}='!NCS2019' ]</msg>
<kw name="Wait Until Element Is Visible" library="SeleniumLibrary">
<doc>Waits until element ``locator`` is visible.</doc>
<arguments>
<arg>user_pass</arg>
</arguments>
<msg timestamp="20190415 16:20:28.534" level="TRACE">Arguments: [ 'user_pass' ]</msg>
<msg timestamp="20190415 16:20:28.534" level="DEBUG">POST http://127.0.0.1:33835/session/7e37ea6c8c9f37f02b069612bd1d9312/elements {"using": "xpath", "value": "//*[(@id='user_pass' or @name='user_pass')]", "sessionId": "7e37ea6c8c9f37f02b069612bd1d9312"}</msg>
<msg timestamp="20190415 16:20:28.547" level="DEBUG">http://127.0.0.1:33835 "POST /session/7e37ea6c8c9f37f02b069612bd1d9312/elements HTTP/1.1" 200 106</msg>
<msg timestamp="20190415 16:20:28.547" level="DEBUG">Finished Request</msg>
<msg timestamp="20190415 16:20:28.547" level="DEBUG">GET http://127.0.0.1:33835/session/7e37ea6c8c9f37f02b069612bd1d9312/element/0.015442554857966195-2/displayed {"id": "0.015442554857966195-2", "sessionId": "7e37ea6c8c9f37f02b069612bd1d9312"}</msg>
<msg timestamp="20190415 16:20:28.575" level="DEBUG">http://127.0.0.1:33835 "GET /session/7e37ea6c8c9f37f02b069612bd1d9312/element/0.015442554857966195-2/displayed HTTP/1.1" 200 72</msg>
<msg timestamp="20190415 16:20:28.575" level="DEBUG">Finished Request</msg>
<msg timestamp="20190415 16:20:28.575" level="TRACE">Return: None</msg>
<status status="PASS" starttime="20190415 16:20:28.534" endtime="20190415 16:20:28.576"></status>
</kw>
<kw name="Click Element" library="SeleniumLibrary">
<doc>Click element identified by ``locator``.</doc>
<arguments>
<arg>user_pass</arg>
</arguments>
<msg timestamp="20190415 16:20:28.576" level="TRACE">Arguments: [ 'user_pass' ]</msg>
<msg timestamp="20190415 16:20:28.576" level="INFO">Clicking element 'user_pass'.</msg>
<msg timestamp="20190415 16:20:28.576" level="DEBUG">POST http://127.0.0.1:33835/session/7e37ea6c8c9f37f02b069612bd1d9312/elements {"using": "xpath", "value": "//*[(@id='user_pass' or @name='user_pass')]", "sessionId": "7e37ea6c8c9f37f02b069612bd1d9312"}</msg>
<msg timestamp="20190415 16:20:28.587" level="DEBUG">http://127.0.0.1:33835 "POST /session/7e37ea6c8c9f37f02b069612bd1d9312/elements HTTP/1.1" 200 106</msg>
<msg timestamp="20190415 16:20:28.587" level="DEBUG">Finished Request</msg>
<msg timestamp="20190415 16:20:28.587" level="DEBUG">POST http://127.0.0.1:33835/session/7e37ea6c8c9f37f02b069612bd1d9312/element/0.015442554857966195-2/click {"id": "0.015442554857966195-2", "sessionId": "7e37ea6c8c9f37f02b069612bd1d9312"}</msg>
<msg timestamp="20190415 16:20:28.643" level="DEBUG">http://127.0.0.1:33835 "POST /session/7e37ea6c8c9f37f02b069612bd1d9312/element/0.015442554857966195-2/click HTTP/1.1" 200 72</msg>
<msg timestamp="20190415 16:20:28.643" level="DEBUG">Finished Request</msg>
<msg timestamp="20190415 16:20:28.643" level="TRACE">Return: None</msg>
<status status="PASS" starttime="20190415 16:20:28.576" endtime="20190415 16:20:28.643"></status>
</kw>
<kw name="Input Text" library="SeleniumLibrary">
<doc>Types the given ``text`` into text field identified by ``locator``.</doc>
<arguments>
<arg>user_pass</arg>
<arg>${password}</arg>
</arguments>
<msg timestamp="20190415 16:20:28.644" level="TRACE">Arguments: [ 'user_pass' | '!NCS2019' ]</msg>
<msg timestamp="20190415 16:20:28.644" level="INFO">Typing text '!NCS2019' into text field 'user_pass'.</msg>
<msg timestamp="20190415 16:20:28.644" level="DEBUG">POST http://127.0.0.1:33835/session/7e37ea6c8c9f37f02b069612bd1d9312/elements {"using": "xpath", "value": "//*[(@id='user_pass' or @name='user_pass')]", "sessionId": "7e37ea6c8c9f37f02b069612bd1d9312"}</msg>
<msg timestamp="20190415 16:20:28.659" level="DEBUG">http://127.0.0.1:33835 "POST /session/7e37ea6c8c9f37f02b069612bd1d9312/elements HTTP/1.1" 200 106</msg>
<msg timestamp="20190415 16:20:28.659" level="DEBUG">Finished Request</msg>
<msg timestamp="20190415 16:20:28.659" level="DEBUG">POST http://127.0.0.1:33835/session/7e37ea6c8c9f37f02b069612bd1d9312/element/0.015442554857966195-2/clear {"id": "0.015442554857966195-2", "sessionId": "7e37ea6c8c9f37f02b069612bd1d9312"}</msg>
<msg timestamp="20190415 16:20:28.715" level="DEBUG">http://127.0.0.1:33835 "POST /session/7e37ea6c8c9f37f02b069612bd1d9312/element/0.015442554857966195-2/clear HTTP/1.1" 200 72</msg>
<msg timestamp="20190415 16:20:28.716" level="DEBUG">Finished Request</msg>
<msg timestamp="20190415 16:20:28.716" level="DEBUG">POST http://127.0.0.1:33835/session/7e37ea6c8c9f37f02b069612bd1d9312/element/0.015442554857966195-2/value {"text": "!NCS2019", "value": ["!", "N", "C", "S", "2", "0", "1", "9"], "id": "0.015442554857966195-2", "sessionId": "7e37ea6c8c9f37f02b069612bd1d9312"}</msg>
<msg timestamp="20190415 16:20:28.797" level="DEBUG">http://127.0.0.1:33835 "POST /session/7e37ea6c8c9f37f02b069612bd1d9312/element/0.015442554857966195-2/value HTTP/1.1" 200 72</msg>
<msg timestamp="20190415 16:20:28.798" level="DEBUG">Finished Request</msg>
<msg timestamp="20190415 16:20:28.798" level="TRACE">Return: None</msg>
<status status="PASS" starttime="20190415 16:20:28.643" endtime="20190415 16:20:28.798"></status>
</kw>
<msg timestamp="20190415 16:20:28.798" level="TRACE">Return: None</msg>
<status status="PASS" starttime="20190415 16:20:28.533" endtime="20190415 16:20:28.798"></status>
</kw>
<kw name="Submit Credentials" library="demo_keyword">
<msg timestamp="20190415 16:20:28.798" level="TRACE">Arguments: [  ]</msg>
<kw name="Click Button" library="SeleniumLibrary">
<doc>Clicks button identified by ``locator``.</doc>
<arguments>
<arg>wp-submit</arg>
</arguments>
<msg timestamp="20190415 16:20:28.799" level="TRACE">Arguments: [ 'wp-submit' ]</msg>
<msg timestamp="20190415 16:20:28.799" level="INFO">Clicking button 'wp-submit'.</msg>
<msg timestamp="20190415 16:20:28.799" level="DEBUG">GET http://127.0.0.1:33835/session/7e37ea6c8c9f37f02b069612bd1d9312/url {"sessionId": "7e37ea6c8c9f37f02b069612bd1d9312"}</msg>
<msg timestamp="20190415 16:20:28.807" level="DEBUG">http://127.0.0.1:33835 "GET /session/7e37ea6c8c9f37f02b069612bd1d9312/url HTTP/1.1" 200 109</msg>
<msg timestamp="20190415 16:20:28.807" level="DEBUG">Finished Request</msg>
<msg timestamp="20190415 16:20:28.808" level="DEBUG">POST http://127.0.0.1:33835/session/7e37ea6c8c9f37f02b069612bd1d9312/elements {"using": "xpath", "value": "//input[(@id='wp-submit' or @name='wp-submit' or @value='wp-submit' or @src='wp-submit' or @src='http://localhost/wordpress/wp-submit')]", "sessionId": "7e37ea6c8c9f37f02b069612bd1d9312"}</msg>
<msg timestamp="20190415 16:20:28.818" level="DEBUG">http://127.0.0.1:33835 "POST /session/7e37ea6c8c9f37f02b069612bd1d9312/elements HTTP/1.1" 200 106</msg>
<msg timestamp="20190415 16:20:28.819" level="DEBUG">Finished Request</msg>
<msg timestamp="20190415 16:20:28.819" level="DEBUG">POST http://127.0.0.1:33835/session/7e37ea6c8c9f37f02b069612bd1d9312/element/0.015442554857966195-3/click {"id": "0.015442554857966195-3", "sessionId": "7e37ea6c8c9f37f02b069612bd1d9312"}</msg>
<msg timestamp="20190415 16:20:30.368" level="DEBUG">http://127.0.0.1:33835 "POST /session/7e37ea6c8c9f37f02b069612bd1d9312/element/0.015442554857966195-3/click HTTP/1.1" 200 72</msg>
<msg timestamp="20190415 16:20:30.369" level="DEBUG">Finished Request</msg>
<msg timestamp="20190415 16:20:30.369" level="TRACE">Return: None</msg>
<status status="PASS" starttime="20190415 16:20:28.799" endtime="20190415 16:20:30.369"></status>
</kw>
<msg timestamp="20190415 16:20:30.370" level="TRACE">Return: None</msg>
<status status="PASS" starttime="20190415 16:20:28.798" endtime="20190415 16:20:30.370"></status>
</kw>
<kw name="Dashboard Should Be Open" library="demo_keyword">
<msg timestamp="20190415 16:20:30.370" level="TRACE">Arguments: [  ]</msg>
<kw name="Title Should Be" library="SeleniumLibrary">
<doc>Verifies that current page title equals ``title``.</doc>
<arguments>
<arg>Dashboard ‹ NCS-Testing — WordPress</arg>
</arguments>
<msg timestamp="20190415 16:20:30.371" level="TRACE">Arguments: [ 'Dashboard ‹ NCS-Testing — WordPress' ]</msg>
<msg timestamp="20190415 16:20:30.371" level="DEBUG">GET http://127.0.0.1:33835/session/7e37ea6c8c9f37f02b069612bd1d9312/title {"sessionId": "7e37ea6c8c9f37f02b069612bd1d9312"}</msg>
<msg timestamp="20190415 16:20:30.388" level="DEBUG">http://127.0.0.1:33835 "GET /session/7e37ea6c8c9f37f02b069612bd1d9312/title HTTP/1.1" 200 109</msg>
<msg timestamp="20190415 16:20:30.388" level="DEBUG">Finished Request</msg>
<msg timestamp="20190415 16:20:30.388" level="INFO">Page title is 'Dashboard ‹ NCS-Testing — WordPress'.</msg>
<msg timestamp="20190415 16:20:30.388" level="TRACE">Return: None</msg>
<status status="PASS" starttime="20190415 16:20:30.370" endtime="20190415 16:20:30.388"></status>
</kw>
<msg timestamp="20190415 16:20:30.389" level="TRACE">Return: None</msg>
<status status="PASS" starttime="20190415 16:20:30.370" endtime="20190415 16:20:30.389"></status>
</kw>
<kw name="Screenshot" library="demo_keyword">
<arguments>
<arg>AdminLogin.png</arg>
</arguments>
<msg timestamp="20190415 16:20:30.389" level="TRACE">Arguments: [ ${screenshotname}='AdminLogin.png' ]</msg>
<kw name="Capture Page Screenshot" library="SeleniumLibrary">
<doc>Takes screenshot of the current page and embeds it into log file.</doc>
<arguments>
<arg>${screenshotname}</arg>
</arguments>
<msg timestamp="20190415 16:20:30.389" level="TRACE">Arguments: [ 'AdminLogin.png' ]</msg>
<msg timestamp="20190415 16:20:30.390" level="DEBUG">GET http://127.0.0.1:33835/session/7e37ea6c8c9f37f02b069612bd1d9312/screenshot {"sessionId": "7e37ea6c8c9f37f02b069612bd1d9312"}</msg>
<msg timestamp="20190415 16:20:30.532" level="DEBUG">http://127.0.0.1:33835 "GET /session/7e37ea6c8c9f37f02b069612bd1d9312/screenshot HTTP/1.1" 200 133918</msg>
<msg timestamp="20190415 16:20:30.533" level="DEBUG">Finished Request</msg>
<msg timestamp="20190415 16:20:30.534" level="INFO" html="yes">&lt;/td&gt;&lt;/tr&gt;&lt;tr&gt;&lt;td colspan="3"&gt;&lt;a href="AdminLogin.png"&gt;&lt;img src="AdminLogin.png" width="800px"&gt;&lt;/a&gt;</msg>
<msg timestamp="20190415 16:20:30.534" level="TRACE">Return: '/home/testautomation/robot_webtesting/AdminLogin.png'</msg>
<status status="PASS" starttime="20190415 16:20:30.389" endtime="20190415 16:20:30.534"></status>
</kw>
<msg timestamp="20190415 16:20:30.535" level="TRACE">Return: None</msg>
<status status="PASS" starttime="20190415 16:20:30.389" endtime="20190415 16:20:30.535"></status>
</kw>
<kw name="TD_Test" library="demo_keyword" type="teardown">
<msg timestamp="20190415 16:20:30.535" level="TRACE">Arguments: [  ]</msg>
<kw name="TD_AdminLogout" library="demo_keyword">
<msg timestamp="20190415 16:20:30.535" level="TRACE">Arguments: [  ]</msg>
<kw name="Mouse Over" library="SeleniumLibrary">
<doc>Simulates hovering mouse over the element ``locator``.</doc>
<arguments>
<arg>wp-admin-bar-top-secondary</arg>
</arguments>
<msg timestamp="20190415 16:20:30.536" level="TRACE">Arguments: [ 'wp-admin-bar-top-secondary' ]</msg>
<msg timestamp="20190415 16:20:30.536" level="INFO">Simulating Mouse Over on element 'wp-admin-bar-top-secondary'.</msg>
<msg timestamp="20190415 16:20:30.536" level="DEBUG">POST http://127.0.0.1:33835/session/7e37ea6c8c9f37f02b069612bd1d9312/elements {"using": "xpath", "value": "//*[(@id='wp-admin-bar-top-secondary' or @name='wp-admin-bar-top-secondary')]", "sessionId": "7e37ea6c8c9f37f02b069612bd1d9312"}</msg>
<msg timestamp="20190415 16:20:30.552" level="DEBUG">http://127.0.0.1:33835 "POST /session/7e37ea6c8c9f37f02b069612bd1d9312/elements HTTP/1.1" 200 105</msg>
<msg timestamp="20190415 16:20:30.552" level="DEBUG">Finished Request</msg>
<msg timestamp="20190415 16:20:30.552" level="DEBUG">POST http://127.0.0.1:33835/session/7e37ea6c8c9f37f02b069612bd1d9312/moveto {"element": "0.45383179160693077-1", "sessionId": "7e37ea6c8c9f37f02b069612bd1d9312"}</msg>
<msg timestamp="20190415 16:20:30.583" level="DEBUG">http://127.0.0.1:33835 "POST /session/7e37ea6c8c9f37f02b069612bd1d9312/moveto HTTP/1.1" 200 72</msg>
<msg timestamp="20190415 16:20:30.584" level="DEBUG">Finished Request</msg>
<msg timestamp="20190415 16:20:30.584" level="TRACE">Return: None</msg>
<status status="PASS" starttime="20190415 16:20:30.536" endtime="20190415 16:20:30.584"></status>
</kw>
<kw name="Wait Until Element Is Visible" library="SeleniumLibrary">
<doc>Waits until element ``locator`` is visible.</doc>
<arguments>
<arg>wp-admin-bar-logout</arg>
</arguments>
<msg timestamp="20190415 16:20:30.586" level="TRACE">Arguments: [ 'wp-admin-bar-logout' ]</msg>
<msg timestamp="20190415 16:20:30.586" level="DEBUG">POST http://127.0.0.1:33835/session/7e37ea6c8c9f37f02b069612bd1d9312/elements {"using": "xpath", "value": "//*[(@id='wp-admin-bar-logout' or @name='wp-admin-bar-logout')]", "sessionId": "7e37ea6c8c9f37f02b069612bd1d9312"}</msg>
<msg timestamp="20190415 16:20:30.614" level="DEBUG">http://127.0.0.1:33835 "POST /session/7e37ea6c8c9f37f02b069612bd1d9312/elements HTTP/1.1" 200 105</msg>
<msg timestamp="20190415 16:20:30.614" level="DEBUG">Finished Request</msg>
<msg timestamp="20190415 16:20:30.615" level="DEBUG">GET http://127.0.0.1:33835/session/7e37ea6c8c9f37f02b069612bd1d9312/element/0.45383179160693077-2/displayed {"id": "0.45383179160693077-2", "sessionId": "7e37ea6c8c9f37f02b069612bd1d9312"}</msg>
<msg timestamp="20190415 16:20:30.639" level="DEBUG">http://127.0.0.1:33835 "GET /session/7e37ea6c8c9f37f02b069612bd1d9312/element/0.45383179160693077-2/displayed HTTP/1.1" 200 73</msg>
<msg timestamp="20190415 16:20:30.639" level="DEBUG">Finished Request</msg>
<msg timestamp="20190415 16:20:30.844" level="DEBUG">POST http://127.0.0.1:33835/session/7e37ea6c8c9f37f02b069612bd1d9312/elements {"using": "xpath", "value": "//*[(@id='wp-admin-bar-logout' or @name='wp-admin-bar-logout')]", "sessionId": "7e37ea6c8c9f37f02b069612bd1d9312"}</msg>
<msg timestamp="20190415 16:20:30.873" level="DEBUG">http://127.0.0.1:33835 "POST /session/7e37ea6c8c9f37f02b069612bd1d9312/elements HTTP/1.1" 200 105</msg>
<msg timestamp="20190415 16:20:30.874" level="DEBUG">Finished Request</msg>
<msg timestamp="20190415 16:20:30.874" level="DEBUG">GET http://127.0.0.1:33835/session/7e37ea6c8c9f37f02b069612bd1d9312/element/0.45383179160693077-2/displayed {"id": "0.45383179160693077-2", "sessionId": "7e37ea6c8c9f37f02b069612bd1d9312"}</msg>
<msg timestamp="20190415 16:20:30.890" level="DEBUG">http://127.0.0.1:33835 "GET /session/7e37ea6c8c9f37f02b069612bd1d9312/element/0.45383179160693077-2/displayed HTTP/1.1" 200 72</msg>
<msg timestamp="20190415 16:20:30.890" level="DEBUG">Finished Request</msg>
<msg timestamp="20190415 16:20:30.890" level="TRACE">Return: None</msg>
<status status="PASS" starttime="20190415 16:20:30.586" endtime="20190415 16:20:30.891"></status>
</kw>
<kw name="Click Element" library="SeleniumLibrary">
<doc>Click element identified by ``locator``.</doc>
<arguments>
<arg>wp-admin-bar-logout</arg>
</arguments>
<msg timestamp="20190415 16:20:30.891" level="TRACE">Arguments: [ 'wp-admin-bar-logout' ]</msg>
<msg timestamp="20190415 16:20:30.891" level="INFO">Clicking element 'wp-admin-bar-logout'.</msg>
<msg timestamp="20190415 16:20:30.892" level="DEBUG">POST http://127.0.0.1:33835/session/7e37ea6c8c9f37f02b069612bd1d9312/elements {"using": "xpath", "value": "//*[(@id='wp-admin-bar-logout' or @name='wp-admin-bar-logout')]", "sessionId": "7e37ea6c8c9f37f02b069612bd1d9312"}</msg>
<msg timestamp="20190415 16:20:30.912" level="DEBUG">http://127.0.0.1:33835 "POST /session/7e37ea6c8c9f37f02b069612bd1d9312/elements HTTP/1.1" 200 105</msg>
<msg timestamp="20190415 16:20:30.913" level="DEBUG">Finished Request</msg>
<msg timestamp="20190415 16:20:30.913" level="DEBUG">POST http://127.0.0.1:33835/session/7e37ea6c8c9f37f02b069612bd1d9312/element/0.45383179160693077-2/click {"id": "0.45383179160693077-2", "sessionId": "7e37ea6c8c9f37f02b069612bd1d9312"}</msg>
<msg timestamp="20190415 16:20:31.156" level="DEBUG">http://127.0.0.1:33835 "POST /session/7e37ea6c8c9f37f02b069612bd1d9312/element/0.45383179160693077-2/click HTTP/1.1" 200 72</msg>
<msg timestamp="20190415 16:20:31.156" level="DEBUG">Finished Request</msg>
<msg timestamp="20190415 16:20:31.156" level="TRACE">Return: None</msg>
<status status="PASS" starttime="20190415 16:20:30.891" endtime="20190415 16:20:31.156"></status>
</kw>
<msg timestamp="20190415 16:20:31.156" level="TRACE">Return: None</msg>
<status status="PASS" starttime="20190415 16:20:30.535" endtime="20190415 16:20:31.156"></status>
</kw>
<kw name="Check if logged out" library="demo_keyword">
<msg timestamp="20190415 16:20:31.157" level="TRACE">Arguments: [  ]</msg>
<kw name="Wait Until Element Contains" library="SeleniumLibrary">
<doc>Waits until element ``locator`` contains ``text``.</doc>
<arguments>
<arg>xpath:/html//p[@class='message'][1]</arg>
<arg>Du hast dich erfolgreich abgemeldet</arg>
</arguments>
<msg timestamp="20190415 16:20:31.157" level="TRACE">Arguments: [ "xpath:/html//p[@class='message'][1]" | 'Du hast dich erfolgreich abgemeldet' ]</msg>
<msg timestamp="20190415 16:20:31.157" level="DEBUG">POST http://127.0.0.1:33835/session/7e37ea6c8c9f37f02b069612bd1d9312/elements {"using": "xpath", "value": "/html//p[@class='message'][1]", "sessionId": "7e37ea6c8c9f37f02b069612bd1d9312"}</msg>
<msg timestamp="20190415 16:20:31.191" level="DEBUG">http://127.0.0.1:33835 "POST /session/7e37ea6c8c9f37f02b069612bd1d9312/elements HTTP/1.1" 200 104</msg>
<msg timestamp="20190415 16:20:31.191" level="DEBUG">Finished Request</msg>
<msg timestamp="20190415 16:20:31.192" level="DEBUG">GET http://127.0.0.1:33835/session/7e37ea6c8c9f37f02b069612bd1d9312/element/0.5165976738370055-1/text {"id": "0.5165976738370055-1", "sessionId": "7e37ea6c8c9f37f02b069612bd1d9312"}</msg>
<msg timestamp="20190415 16:20:31.222" level="DEBUG">http://127.0.0.1:33835 "GET /session/7e37ea6c8c9f37f02b069612bd1d9312/element/0.5165976738370055-1/text HTTP/1.1" 200 106</msg>
<msg timestamp="20190415 16:20:31.222" level="DEBUG">Finished Request</msg>
<msg timestamp="20190415 16:20:31.222" level="TRACE">Return: None</msg>
<status status="PASS" starttime="20190415 16:20:31.157" endtime="20190415 16:20:31.222"></status>
</kw>
<msg timestamp="20190415 16:20:31.222" level="TRACE">Return: None</msg>
<status status="PASS" starttime="20190415 16:20:31.156" endtime="20190415 16:20:31.222"></status>
</kw>
<msg timestamp="20190415 16:20:31.223" level="TRACE">Return: None</msg>
<status status="PASS" starttime="20190415 16:20:30.535" endtime="20190415 16:20:31.223"></status>
</kw>
<doc>Perform a succesfull admin login</doc>
<tags>
<tag>All</tag>
<tag>InDev</tag>
<tag>Login</tag>
</tags>
<status status="PASS" starttime="20190415 16:20:27.616" endtime="20190415 16:20:31.223" critical="yes"></status>
</test>
<test id="s1-t4" name="Create User Single Hardcoded">
<kw name="Run Keywords" library="BuiltIn" type="setup">
<doc>Executes all the given keywords in a sequence.</doc>
<arguments>
<arg>Setup_Test</arg>
<arg>AND</arg>
<arg>Setup_AdminLogin</arg>
</arguments>
<msg timestamp="20190415 16:20:31.224" level="TRACE">Arguments: [ 'Setup_Test' | 'AND' | 'Setup_AdminLogin' ]</msg>
<kw name="Setup_Test" library="demo_keyword">
<msg timestamp="20190415 16:20:31.224" level="TRACE">Arguments: [  ]</msg>
<kw name="Go To" library="SeleniumLibrary">
<doc>Navigates the active browser instance to the provided ``url``.</doc>
<arguments>
<arg>${URL}</arg>
</arguments>
<msg timestamp="20190415 16:20:31.225" level="TRACE">Arguments: [ 'http://localhost/wordpress' ]</msg>
<msg timestamp="20190415 16:20:31.225" level="INFO">Opening url 'http://localhost/wordpress'</msg>
<msg timestamp="20190415 16:20:31.225" level="DEBUG">POST http://127.0.0.1:33835/session/7e37ea6c8c9f37f02b069612bd1d9312/url {"url": "http://localhost/wordpress", "sessionId": "7e37ea6c8c9f37f02b069612bd1d9312"}</msg>
<msg timestamp="20190415 16:20:31.642" level="DEBUG">http://127.0.0.1:33835 "POST /session/7e37ea6c8c9f37f02b069612bd1d9312/url HTTP/1.1" 200 72</msg>
<msg timestamp="20190415 16:20:31.642" level="DEBUG">Finished Request</msg>
<msg timestamp="20190415 16:20:31.642" level="TRACE">Return: None</msg>
<status status="PASS" starttime="20190415 16:20:31.224" endtime="20190415 16:20:31.642"></status>
</kw>
<kw name="Title Should Be" library="SeleniumLibrary">
<doc>Verifies that current page title equals ``title``.</doc>
<arguments>
<arg>NCS-Testing</arg>
</arguments>
<msg timestamp="20190415 16:20:31.642" level="TRACE">Arguments: [ 'NCS-Testing' ]</msg>
<msg timestamp="20190415 16:20:31.643" level="DEBUG">GET http://127.0.0.1:33835/session/7e37ea6c8c9f37f02b069612bd1d9312/title {"sessionId": "7e37ea6c8c9f37f02b069612bd1d9312"}</msg>
<msg timestamp="20190415 16:20:31.659" level="DEBUG">http://127.0.0.1:33835 "GET /session/7e37ea6c8c9f37f02b069612bd1d9312/title HTTP/1.1" 200 81</msg>
<msg timestamp="20190415 16:20:31.660" level="DEBUG">Finished Request</msg>
<msg timestamp="20190415 16:20:31.660" level="INFO">Page title is 'NCS-Testing'.</msg>
<msg timestamp="20190415 16:20:31.660" level="TRACE">Return: None</msg>
<status status="PASS" starttime="20190415 16:20:31.642" endtime="20190415 16:20:31.660"></status>
</kw>
<msg timestamp="20190415 16:20:31.660" level="TRACE">Return: None</msg>
<status status="PASS" starttime="20190415 16:20:31.224" endtime="20190415 16:20:31.660"></status>
</kw>
<kw name="Setup_AdminLogin" library="demo_keyword">
<msg timestamp="20190415 16:20:31.660" level="TRACE">Arguments: [  ]</msg>
<kw name="Navigate To Login Page" library="demo_keyword">
<msg timestamp="20190415 16:20:31.661" level="TRACE">Arguments: [  ]</msg>
<kw name="Click Element" library="SeleniumLibrary">
<doc>Click element identified by ``locator``.</doc>
<arguments>
<arg>link:Anmelden</arg>
</arguments>
<msg timestamp="20190415 16:20:31.661" level="TRACE">Arguments: [ 'link:Anmelden' ]</msg>
<msg timestamp="20190415 16:20:31.661" level="INFO">Clicking element 'link:Anmelden'.</msg>
<msg timestamp="20190415 16:20:31.661" level="DEBUG">POST http://127.0.0.1:33835/session/7e37ea6c8c9f37f02b069612bd1d9312/elements {"using": "link text", "value": "Anmelden", "sessionId": "7e37ea6c8c9f37f02b069612bd1d9312"}</msg>
<msg timestamp="20190415 16:20:31.718" level="DEBUG">http://127.0.0.1:33835 "POST /session/7e37ea6c8c9f37f02b069612bd1d9312/elements HTTP/1.1" 200 104</msg>
<msg timestamp="20190415 16:20:31.719" level="DEBUG">Finished Request</msg>
<msg timestamp="20190415 16:20:31.719" level="DEBUG">POST http://127.0.0.1:33835/session/7e37ea6c8c9f37f02b069612bd1d9312/element/0.3628436187584603-1/click {"id": "0.3628436187584603-1", "sessionId": "7e37ea6c8c9f37f02b069612bd1d9312"}</msg>
<msg timestamp="20190415 16:20:32.045" level="DEBUG">http://127.0.0.1:33835 "POST /session/7e37ea6c8c9f37f02b069612bd1d9312/element/0.3628436187584603-1/click HTTP/1.1" 200 72</msg>
<msg timestamp="20190415 16:20:32.046" level="DEBUG">Finished Request</msg>
<msg timestamp="20190415 16:20:32.046" level="TRACE">Return: None</msg>
<status status="PASS" starttime="20190415 16:20:31.661" endtime="20190415 16:20:32.046"></status>
</kw>
<msg timestamp="20190415 16:20:32.047" level="TRACE">Return: None</msg>
<status status="PASS" starttime="20190415 16:20:31.661" endtime="20190415 16:20:32.047"></status>
</kw>
<kw name="Input Username" library="demo_keyword">
<arguments>
<arg>${SuperUser}</arg>
</arguments>
<msg timestamp="20190415 16:20:32.048" level="TRACE">Arguments: [ ${username}='admin' ]</msg>
<kw name="Wait Until Element Is Visible" library="SeleniumLibrary">
<doc>Waits until element ``locator`` is visible.</doc>
<arguments>
<arg>user_login</arg>
</arguments>
<msg timestamp="20190415 16:20:32.048" level="TRACE">Arguments: [ 'user_login' ]</msg>
<msg timestamp="20190415 16:20:32.049" level="DEBUG">POST http://127.0.0.1:33835/session/7e37ea6c8c9f37f02b069612bd1d9312/elements {"using": "xpath", "value": "//*[(@id='user_login' or @name='user_login')]", "sessionId": "7e37ea6c8c9f37f02b069612bd1d9312"}</msg>
<msg timestamp="20190415 16:20:32.093" level="DEBUG">http://127.0.0.1:33835 "POST /session/7e37ea6c8c9f37f02b069612bd1d9312/elements HTTP/1.1" 200 104</msg>
<msg timestamp="20190415 16:20:32.094" level="DEBUG">Finished Request</msg>
<msg timestamp="20190415 16:20:32.094" level="DEBUG">GET http://127.0.0.1:33835/session/7e37ea6c8c9f37f02b069612bd1d9312/element/0.8327913836961982-1/displayed {"id": "0.8327913836961982-1", "sessionId": "7e37ea6c8c9f37f02b069612bd1d9312"}</msg>
<msg timestamp="20190415 16:20:32.124" level="DEBUG">http://127.0.0.1:33835 "GET /session/7e37ea6c8c9f37f02b069612bd1d9312/element/0.8327913836961982-1/displayed HTTP/1.1" 200 72</msg>
<msg timestamp="20190415 16:20:32.124" level="DEBUG">Finished Request</msg>
<msg timestamp="20190415 16:20:32.124" level="TRACE">Return: None</msg>
<status status="PASS" starttime="20190415 16:20:32.048" endtime="20190415 16:20:32.124"></status>
</kw>
<kw name="Click Element" library="SeleniumLibrary">
<doc>Click element identified by ``locator``.</doc>
<arguments>
<arg>user_login</arg>
</arguments>
<msg timestamp="20190415 16:20:32.125" level="TRACE">Arguments: [ 'user_login' ]</msg>
<msg timestamp="20190415 16:20:32.125" level="INFO">Clicking element 'user_login'.</msg>
<msg timestamp="20190415 16:20:32.125" level="DEBUG">POST http://127.0.0.1:33835/session/7e37ea6c8c9f37f02b069612bd1d9312/elements {"using": "xpath", "value": "//*[(@id='user_login' or @name='user_login')]", "sessionId": "7e37ea6c8c9f37f02b069612bd1d9312"}</msg>
<msg timestamp="20190415 16:20:32.137" level="DEBUG">http://127.0.0.1:33835 "POST /session/7e37ea6c8c9f37f02b069612bd1d9312/elements HTTP/1.1" 200 104</msg>
<msg timestamp="20190415 16:20:32.138" level="DEBUG">Finished Request</msg>
<msg timestamp="20190415 16:20:32.138" level="DEBUG">POST http://127.0.0.1:33835/session/7e37ea6c8c9f37f02b069612bd1d9312/element/0.8327913836961982-1/click {"id": "0.8327913836961982-1", "sessionId": "7e37ea6c8c9f37f02b069612bd1d9312"}</msg>
<msg timestamp="20190415 16:20:32.310" level="DEBUG">http://127.0.0.1:33835 "POST /session/7e37ea6c8c9f37f02b069612bd1d9312/element/0.8327913836961982-1/click HTTP/1.1" 200 72</msg>
<msg timestamp="20190415 16:20:32.311" level="DEBUG">Finished Request</msg>
<msg timestamp="20190415 16:20:32.311" level="TRACE">Return: None</msg>
<status status="PASS" starttime="20190415 16:20:32.125" endtime="20190415 16:20:32.311"></status>
</kw>
<kw name="Input Text" library="SeleniumLibrary">
<doc>Types the given ``text`` into text field identified by ``locator``.</doc>
<arguments>
<arg>user_login</arg>
<arg>${username}</arg>
</arguments>
<msg timestamp="20190415 16:20:32.312" level="TRACE">Arguments: [ 'user_login' | 'admin' ]</msg>
<msg timestamp="20190415 16:20:32.312" level="INFO">Typing text 'admin' into text field 'user_login'.</msg>
<msg timestamp="20190415 16:20:32.312" level="DEBUG">POST http://127.0.0.1:33835/session/7e37ea6c8c9f37f02b069612bd1d9312/elements {"using": "xpath", "value": "//*[(@id='user_login' or @name='user_login')]", "sessionId": "7e37ea6c8c9f37f02b069612bd1d9312"}</msg>
<msg timestamp="20190415 16:20:32.329" level="DEBUG">http://127.0.0.1:33835 "POST /session/7e37ea6c8c9f37f02b069612bd1d9312/elements HTTP/1.1" 200 104</msg>
<msg timestamp="20190415 16:20:32.329" level="DEBUG">Finished Request</msg>
<msg timestamp="20190415 16:20:32.330" level="DEBUG">POST http://127.0.0.1:33835/session/7e37ea6c8c9f37f02b069612bd1d9312/element/0.8327913836961982-1/clear {"id": "0.8327913836961982-1", "sessionId": "7e37ea6c8c9f37f02b069612bd1d9312"}</msg>
<msg timestamp="20190415 16:20:32.367" level="DEBUG">http://127.0.0.1:33835 "POST /session/7e37ea6c8c9f37f02b069612bd1d9312/element/0.8327913836961982-1/clear HTTP/1.1" 200 72</msg>
<msg timestamp="20190415 16:20:32.368" level="DEBUG">Finished Request</msg>
<msg timestamp="20190415 16:20:32.368" level="DEBUG">POST http://127.0.0.1:33835/session/7e37ea6c8c9f37f02b069612bd1d9312/element/0.8327913836961982-1/value {"text": "admin", "value": ["a", "d", "m", "i", "n"], "id": "0.8327913836961982-1", "sessionId": "7e37ea6c8c9f37f02b069612bd1d9312"}</msg>
<msg timestamp="20190415 16:20:32.491" level="DEBUG">http://127.0.0.1:33835 "POST /session/7e37ea6c8c9f37f02b069612bd1d9312/element/0.8327913836961982-1/value HTTP/1.1" 200 72</msg>
<msg timestamp="20190415 16:20:32.491" level="DEBUG">Finished Request</msg>
<msg timestamp="20190415 16:20:32.491" level="TRACE">Return: None</msg>
<status status="PASS" starttime="20190415 16:20:32.311" endtime="20190415 16:20:32.491"></status>
</kw>
<msg timestamp="20190415 16:20:32.491" level="TRACE">Return: None</msg>
<status status="PASS" starttime="20190415 16:20:32.047" endtime="20190415 16:20:32.492"></status>
</kw>
<kw name="Input Password" library="demo_keyword">
<arguments>
<arg>${SuperUserPW}</arg>
</arguments>
<msg timestamp="20190415 16:20:32.492" level="TRACE">Arguments: [ ${password}='!NCS2019' ]</msg>
<kw name="Wait Until Element Is Visible" library="SeleniumLibrary">
<doc>Waits until element ``locator`` is visible.</doc>
<arguments>
<arg>user_pass</arg>
</arguments>
<msg timestamp="20190415 16:20:32.492" level="TRACE">Arguments: [ 'user_pass' ]</msg>
<msg timestamp="20190415 16:20:32.493" level="DEBUG">POST http://127.0.0.1:33835/session/7e37ea6c8c9f37f02b069612bd1d9312/elements {"using": "xpath", "value": "//*[(@id='user_pass' or @name='user_pass')]", "sessionId": "7e37ea6c8c9f37f02b069612bd1d9312"}</msg>
<msg timestamp="20190415 16:20:32.508" level="DEBUG">http://127.0.0.1:33835 "POST /session/7e37ea6c8c9f37f02b069612bd1d9312/elements HTTP/1.1" 200 104</msg>
<msg timestamp="20190415 16:20:32.509" level="DEBUG">Finished Request</msg>
[...]
<doc>Verifies that the element identified by ``locator`` is visible.</doc>
<arguments>
<arg>xpath://*[@id='delete_option0']</arg>
</arguments>
<msg timestamp="20190415 16:21:22.883" level="TRACE">Arguments: [ "xpath://*[@id='delete_option0']" ]</msg>
<msg timestamp="20190415 16:21:22.883" level="DEBUG">POST http://127.0.0.1:33835/session/7e37ea6c8c9f37f02b069612bd1d9312/elements {"using": "xpath", "value": "//*[@id='delete_option0']", "sessionId": "7e37ea6c8c9f37f02b069612bd1d9312"}</msg>
<msg timestamp="20190415 16:21:22.908" level="DEBUG">http://127.0.0.1:33835 "POST /session/7e37ea6c8c9f37f02b069612bd1d9312/elements HTTP/1.1" 200 70</msg>
<msg timestamp="20190415 16:21:22.909" level="DEBUG">Finished Request</msg>
<kw name="Capture Page Screenshot" library="SeleniumLibrary">
<doc>Takes screenshot of the current page and embeds it into log file.</doc>
<msg timestamp="20190415 16:21:22.909" level="TRACE">Arguments: [  ]</msg>
<msg timestamp="20190415 16:21:22.909" level="DEBUG">GET http://127.0.0.1:33835/session/7e37ea6c8c9f37f02b069612bd1d9312/screenshot {"sessionId": "7e37ea6c8c9f37f02b069612bd1d9312"}</msg>
<msg timestamp="20190415 16:21:23.014" level="DEBUG">http://127.0.0.1:33835 "GET /session/7e37ea6c8c9f37f02b069612bd1d9312/screenshot HTTP/1.1" 200 60082</msg>
<msg timestamp="20190415 16:21:23.014" level="DEBUG">Finished Request</msg>
<msg timestamp="20190415 16:21:23.015" level="INFO" html="yes">&lt;/td&gt;&lt;/tr&gt;&lt;tr&gt;&lt;td colspan="3"&gt;&lt;a href="selenium-screenshot-6.png"&gt;&lt;img src="selenium-screenshot-6.png" width="800px"&gt;&lt;/a&gt;</msg>
<msg timestamp="20190415 16:21:23.015" level="TRACE">Return: '/home/testautomation/robot_webtesting/selenium-screenshot-6.png'</msg>
<status status="PASS" starttime="20190415 16:21:22.909" endtime="20190415 16:21:23.015"></status>
</kw>
<msg timestamp="20190415 16:21:23.016" level="FAIL">Element with locator 'xpath://*[@id='delete_option0']' not found.</msg>
<msg timestamp="20190415 16:21:23.016" level="DEBUG">Traceback (most recent call last):
  File "/usr/local/lib/python3.7/dist-packages/SeleniumLibrary/__init__.py", line 372, in run_keyword
    return DynamicCore.run_keyword(self, name, args, kwargs)
  File "/usr/local/lib/python3.7/dist-packages/SeleniumLibrary/base/robotlibcore.py", line 102, in run_keyword
    return self.keywords[name](*args, **kwargs)
  File "/usr/local/lib/python3.7/dist-packages/SeleniumLibrary/keywords/element.py", line 287, in element_should_be_visible
    if not self.find_element(locator).is_displayed():
  File "/usr/local/lib/python3.7/dist-packages/SeleniumLibrary/base/context.py", line 62, in find_element
    return self.element_finder.find(locator, tag, True, required, parent)
  File "/usr/local/lib/python3.7/dist-packages/SeleniumLibrary/locators/elementfinder.py", line 76, in find
    % (element_type, locator))</msg>
<status status="FAIL" starttime="20190415 16:21:22.883" endtime="20190415 16:21:23.017"></status>
</kw>
<msg timestamp="20190415 16:21:23.017" level="TRACE">Return: False</msg>
<msg timestamp="20190415 16:21:23.017" level="INFO">${Check} = False</msg>
<status status="PASS" starttime="20190415 16:21:22.882" endtime="20190415 16:21:23.017"></status>
</kw>
<kw name="Run Keyword If" library="BuiltIn">
<doc>Runs the given keyword with the given arguments, if ``condition`` is true.</doc>
<arguments>
<arg>${Check}</arg>
<arg>click element</arg>
<arg>xpath://*[@id='delete_option0']</arg>
</arguments>
<msg timestamp="20190415 16:21:23.018" level="TRACE">Arguments: [ False | 'click element' | "xpath://*[@id='delete_option0']" ]</msg>
<msg timestamp="20190415 16:21:23.018" level="TRACE">Return: None</msg>
<status status="PASS" starttime="20190415 16:21:23.017" endtime="20190415 16:21:23.018"></status>
</kw>
<msg timestamp="20190415 16:21:23.018" level="TRACE">Return: None</msg>
<status status="PASS" starttime="20190415 16:21:22.882" endtime="20190415 16:21:23.018"></status>
</kw>
<kw name="Click on &quot;Loeschen bestaetigen&quot;" library="demo_keyword">
<msg timestamp="20190415 16:21:23.019" level="TRACE">Arguments: [  ]</msg>
<kw name="Click Button" library="SeleniumLibrary">
<doc>Clicks button identified by ``locator``.</doc>
<arguments>
<arg>xpath://*[@id='submit']</arg>
</arguments>
<msg timestamp="20190415 16:21:23.033" level="TRACE">Arguments: [ "xpath://*[@id='submit']" ]</msg>
<msg timestamp="20190415 16:21:23.033" level="INFO">Clicking button 'xpath://*[@id='submit']'.</msg>
<msg timestamp="20190415 16:21:23.033" level="DEBUG">POST http://127.0.0.1:33835/session/7e37ea6c8c9f37f02b069612bd1d9312/elements {"using": "xpath", "value": "//*[@id='submit']", "sessionId": "7e37ea6c8c9f37f02b069612bd1d9312"}</msg>
<msg timestamp="20190415 16:21:23.043" level="DEBUG">http://127.0.0.1:33835 "POST /session/7e37ea6c8c9f37f02b069612bd1d9312/elements HTTP/1.1" 200 105</msg>
<msg timestamp="20190415 16:21:23.043" level="DEBUG">Finished Request</msg>
<msg timestamp="20190415 16:21:23.043" level="DEBUG">GET http://127.0.0.1:33835/session/7e37ea6c8c9f37f02b069612bd1d9312/element/0.28276355582599133-1/name {"id": "0.28276355582599133-1", "sessionId": "7e37ea6c8c9f37f02b069612bd1d9312"}</msg>
<msg timestamp="20190415 16:21:23.048" level="DEBUG">http://127.0.0.1:33835 "GET /session/7e37ea6c8c9f37f02b069612bd1d9312/element/0.28276355582599133-1/name HTTP/1.1" 200 75</msg>
<msg timestamp="20190415 16:21:23.048" level="DEBUG">Finished Request</msg>
<msg timestamp="20190415 16:21:23.048" level="DEBUG">POST http://127.0.0.1:33835/session/7e37ea6c8c9f37f02b069612bd1d9312/element/0.28276355582599133-1/click {"id": "0.28276355582599133-1", "sessionId": "7e37ea6c8c9f37f02b069612bd1d9312"}</msg>
<msg timestamp="20190415 16:21:23.613" level="DEBUG">http://127.0.0.1:33835 "POST /session/7e37ea6c8c9f37f02b069612bd1d9312/element/0.28276355582599133-1/click HTTP/1.1" 200 72</msg>
<msg timestamp="20190415 16:21:23.614" level="DEBUG">Finished Request</msg>
<msg timestamp="20190415 16:21:23.614" level="TRACE">Return: None</msg>
<status status="PASS" starttime="20190415 16:21:23.019" endtime="20190415 16:21:23.614"></status>
</kw>
<msg timestamp="20190415 16:21:23.615" level="TRACE">Return: None</msg>
<status status="PASS" starttime="20190415 16:21:23.018" endtime="20190415 16:21:23.615"></status>
</kw>
<kw name="Check if the user is deleted" library="demo_keyword">
<msg timestamp="20190415 16:21:23.616" level="TRACE">Arguments: [  ]</msg>
<kw name="Wait Until Element Contains" library="SeleniumLibrary">
<doc>Waits until element ``locator`` contains ``text``.</doc>
<arguments>
<arg>xpath://div[@id='message']/p</arg>
<arg>Benutzer gelöscht</arg>
</arguments>
<msg timestamp="20190415 16:21:23.616" level="TRACE">Arguments: [ "xpath://div[@id='message']/p" | 'Benutzer gelöscht' ]</msg>
<msg timestamp="20190415 16:21:23.617" level="DEBUG">POST http://127.0.0.1:33835/session/7e37ea6c8c9f37f02b069612bd1d9312/elements {"using": "xpath", "value": "//div[@id='message']/p", "sessionId": "7e37ea6c8c9f37f02b069612bd1d9312"}</msg>
<msg timestamp="20190415 16:21:23.642" level="DEBUG">http://127.0.0.1:33835 "POST /session/7e37ea6c8c9f37f02b069612bd1d9312/elements HTTP/1.1" 200 104</msg>
<msg timestamp="20190415 16:21:23.642" level="DEBUG">Finished Request</msg>
<msg timestamp="20190415 16:21:23.642" level="DEBUG">GET http://127.0.0.1:33835/session/7e37ea6c8c9f37f02b069612bd1d9312/element/0.6112334224416645-1/text {"id": "0.6112334224416645-1", "sessionId": "7e37ea6c8c9f37f02b069612bd1d9312"}</msg>
<msg timestamp="20190415 16:21:23.668" level="DEBUG">http://127.0.0.1:33835 "GET /session/7e37ea6c8c9f37f02b069612bd1d9312/element/0.6112334224416645-1/text HTTP/1.1" 200 88</msg>
<msg timestamp="20190415 16:21:23.669" level="DEBUG">Finished Request</msg>
<msg timestamp="20190415 16:21:23.669" level="TRACE">Return: None</msg>
<status status="PASS" starttime="20190415 16:21:23.616" endtime="20190415 16:21:23.669"></status>
</kw>
<msg timestamp="20190415 16:21:23.669" level="TRACE">Return: None</msg>
<status status="PASS" starttime="20190415 16:21:23.615" endtime="20190415 16:21:23.669"></status>
</kw>
<kw name="Screenshot" library="demo_keyword">
<arguments>
<arg>DeleteUser_${Benutzername}.png</arg>
</arguments>
<msg timestamp="20190415 16:21:23.669" level="TRACE">Arguments: [ ${screenshotname}='DeleteUser_stweiss-robot4.png' ]</msg>
<kw name="Capture Page Screenshot" library="SeleniumLibrary">
<doc>Takes screenshot of the current page and embeds it into log file.</doc>
<arguments>
<arg>${screenshotname}</arg>
</arguments>
<msg timestamp="20190415 16:21:23.670" level="TRACE">Arguments: [ 'DeleteUser_stweiss-robot4.png' ]</msg>
<msg timestamp="20190415 16:21:23.670" level="DEBUG">GET http://127.0.0.1:33835/session/7e37ea6c8c9f37f02b069612bd1d9312/screenshot {"sessionId": "7e37ea6c8c9f37f02b069612bd1d9312"}</msg>
<msg timestamp="20190415 16:21:23.789" level="DEBUG">http://127.0.0.1:33835 "GET /session/7e37ea6c8c9f37f02b069612bd1d9312/screenshot HTTP/1.1" 200 143262</msg>
<msg timestamp="20190415 16:21:23.790" level="DEBUG">Finished Request</msg>
<msg timestamp="20190415 16:21:23.792" level="INFO" html="yes">&lt;/td&gt;&lt;/tr&gt;&lt;tr&gt;&lt;td colspan="3"&gt;&lt;a href="DeleteUser_stweiss-robot4.png"&gt;&lt;img src="DeleteUser_stweiss-robot4.png" width="800px"&gt;&lt;/a&gt;</msg>
<msg timestamp="20190415 16:21:23.792" level="TRACE">Return: '/home/testautomation/robot_webtesting/DeleteUser_stweiss-robot4.png'</msg>
<status status="PASS" starttime="20190415 16:21:23.670" endtime="20190415 16:21:23.792"></status>
</kw>
<msg timestamp="20190415 16:21:23.792" level="TRACE">Return: None</msg>
<status status="PASS" starttime="20190415 16:21:23.669" endtime="20190415 16:21:23.793"></status>
</kw>
<msg timestamp="20190415 16:21:23.793" level="TRACE">Return: None</msg>
<status status="PASS" starttime="20190415 16:21:21.550" endtime="20190415 16:21:23.793"></status>
</kw>
<kw name="TD_Test" library="demo_keyword" type="teardown">
<msg timestamp="20190415 16:21:23.793" level="TRACE">Arguments: [  ]</msg>
<kw name="TD_AdminLogout" library="demo_keyword">
<msg timestamp="20190415 16:21:23.794" level="TRACE">Arguments: [  ]</msg>
<kw name="Mouse Over" library="SeleniumLibrary">
<doc>Simulates hovering mouse over the element ``locator``.</doc>
<arguments>
<arg>wp-admin-bar-top-secondary</arg>
</arguments>
<msg timestamp="20190415 16:21:23.794" level="TRACE">Arguments: [ 'wp-admin-bar-top-secondary' ]</msg>
<msg timestamp="20190415 16:21:23.795" level="INFO">Simulating Mouse Over on element 'wp-admin-bar-top-secondary'.</msg>
<msg timestamp="20190415 16:21:23.795" level="DEBUG">POST http://127.0.0.1:33835/session/7e37ea6c8c9f37f02b069612bd1d9312/elements {"using": "xpath", "value": "//*[(@id='wp-admin-bar-top-secondary' or @name='wp-admin-bar-top-secondary')]", "sessionId": "7e37ea6c8c9f37f02b069612bd1d9312"}</msg>
<msg timestamp="20190415 16:21:23.814" level="DEBUG">http://127.0.0.1:33835 "POST /session/7e37ea6c8c9f37f02b069612bd1d9312/elements HTTP/1.1" 200 104</msg>
<msg timestamp="20190415 16:21:23.814" level="DEBUG">Finished Request</msg>
<msg timestamp="20190415 16:21:23.814" level="DEBUG">POST http://127.0.0.1:33835/session/7e37ea6c8c9f37f02b069612bd1d9312/moveto {"element": "0.6112334224416645-2", "sessionId": "7e37ea6c8c9f37f02b069612bd1d9312"}</msg>
<msg timestamp="20190415 16:21:23.847" level="DEBUG">http://127.0.0.1:33835 "POST /session/7e37ea6c8c9f37f02b069612bd1d9312/moveto HTTP/1.1" 200 72</msg>
<msg timestamp="20190415 16:21:23.848" level="DEBUG">Finished Request</msg>
<msg timestamp="20190415 16:21:23.848" level="TRACE">Return: None</msg>
<status status="PASS" starttime="20190415 16:21:23.794" endtime="20190415 16:21:23.848"></status>
</kw>
<kw name="Wait Until Element Is Visible" library="SeleniumLibrary">
<doc>Waits until element ``locator`` is visible.</doc>
<arguments>
<arg>wp-admin-bar-logout</arg>
</arguments>
<msg timestamp="20190415 16:21:23.848" level="TRACE">Arguments: [ 'wp-admin-bar-logout' ]</msg>
<msg timestamp="20190415 16:21:23.849" level="DEBUG">POST http://127.0.0.1:33835/session/7e37ea6c8c9f37f02b069612bd1d9312/elements {"using": "xpath", "value": "//*[(@id='wp-admin-bar-logout' or @name='wp-admin-bar-logout')]", "sessionId": "7e37ea6c8c9f37f02b069612bd1d9312"}</msg>
<msg timestamp="20190415 16:21:23.870" level="DEBUG">http://127.0.0.1:33835 "POST /session/7e37ea6c8c9f37f02b069612bd1d9312/elements HTTP/1.1" 200 104</msg>
<msg timestamp="20190415 16:21:23.870" level="DEBUG">Finished Request</msg>
<msg timestamp="20190415 16:21:23.870" level="DEBUG">GET http://127.0.0.1:33835/session/7e37ea6c8c9f37f02b069612bd1d9312/element/0.6112334224416645-3/displayed {"id": "0.6112334224416645-3", "sessionId": "7e37ea6c8c9f37f02b069612bd1d9312"}</msg>
<msg timestamp="20190415 16:21:23.884" level="DEBUG">http://127.0.0.1:33835 "GET /session/7e37ea6c8c9f37f02b069612bd1d9312/element/0.6112334224416645-3/displayed HTTP/1.1" 200 73</msg>
<msg timestamp="20190415 16:21:23.884" level="DEBUG">Finished Request</msg>
<msg timestamp="20190415 16:21:24.085" level="DEBUG">POST http://127.0.0.1:33835/session/7e37ea6c8c9f37f02b069612bd1d9312/elements {"using": "xpath", "value": "//*[(@id='wp-admin-bar-logout' or @name='wp-admin-bar-logout')]", "sessionId": "7e37ea6c8c9f37f02b069612bd1d9312"}</msg>
<msg timestamp="20190415 16:21:24.104" level="DEBUG">http://127.0.0.1:33835 "POST /session/7e37ea6c8c9f37f02b069612bd1d9312/elements HTTP/1.1" 200 104</msg>
<msg timestamp="20190415 16:21:24.105" level="DEBUG">Finished Request</msg>
<msg timestamp="20190415 16:21:24.106" level="DEBUG">GET http://127.0.0.1:33835/session/7e37ea6c8c9f37f02b069612bd1d9312/element/0.6112334224416645-3/displayed {"id": "0.6112334224416645-3", "sessionId": "7e37ea6c8c9f37f02b069612bd1d9312"}</msg>
<msg timestamp="20190415 16:21:24.120" level="DEBUG">http://127.0.0.1:33835 "GET /session/7e37ea6c8c9f37f02b069612bd1d9312/element/0.6112334224416645-3/displayed HTTP/1.1" 200 72</msg>
<msg timestamp="20190415 16:21:24.121" level="DEBUG">Finished Request</msg>
<msg timestamp="20190415 16:21:24.121" level="TRACE">Return: None</msg>
<status status="PASS" starttime="20190415 16:21:23.848" endtime="20190415 16:21:24.121"></status>
</kw>
<kw name="Click Element" library="SeleniumLibrary">
<doc>Click element identified by ``locator``.</doc>
<arguments>
<arg>wp-admin-bar-logout</arg>
</arguments>
<msg timestamp="20190415 16:21:24.121" level="TRACE">Arguments: [ 'wp-admin-bar-logout' ]</msg>
<msg timestamp="20190415 16:21:24.121" level="INFO">Clicking element 'wp-admin-bar-logout'.</msg>
<msg timestamp="20190415 16:21:24.121" level="DEBUG">POST http://127.0.0.1:33835/session/7e37ea6c8c9f37f02b069612bd1d9312/elements {"using": "xpath", "value": "//*[(@id='wp-admin-bar-logout' or @name='wp-admin-bar-logout')]", "sessionId": "7e37ea6c8c9f37f02b069612bd1d9312"}</msg>
<msg timestamp="20190415 16:21:24.134" level="DEBUG">http://127.0.0.1:33835 "POST /session/7e37ea6c8c9f37f02b069612bd1d9312/elements HTTP/1.1" 200 104</msg>
<msg timestamp="20190415 16:21:24.135" level="DEBUG">Finished Request</msg>
<msg timestamp="20190415 16:21:24.135" level="DEBUG">POST http://127.0.0.1:33835/session/7e37ea6c8c9f37f02b069612bd1d9312/element/0.6112334224416645-3/click {"id": "0.6112334224416645-3", "sessionId": "7e37ea6c8c9f37f02b069612bd1d9312"}</msg>
<msg timestamp="20190415 16:21:24.411" level="DEBUG">http://127.0.0.1:33835 "POST /session/7e37ea6c8c9f37f02b069612bd1d9312/element/0.6112334224416645-3/click HTTP/1.1" 200 72</msg>
<msg timestamp="20190415 16:21:24.412" level="DEBUG">Finished Request</msg>
<msg timestamp="20190415 16:21:24.412" level="TRACE">Return: None</msg>
<status status="PASS" starttime="20190415 16:21:24.121" endtime="20190415 16:21:24.413"></status>
</kw>
<msg timestamp="20190415 16:21:24.413" level="TRACE">Return: None</msg>
<status status="PASS" starttime="20190415 16:21:23.794" endtime="20190415 16:21:24.413"></status>
</kw>
<kw name="Check if logged out" library="demo_keyword">
<msg timestamp="20190415 16:21:24.414" level="TRACE">Arguments: [  ]</msg>
<kw name="Wait Until Element Contains" library="SeleniumLibrary">
<doc>Waits until element ``locator`` contains ``text``.</doc>
<arguments>
<arg>xpath:/html//p[@class='message'][1]</arg>
<arg>Du hast dich erfolgreich abgemeldet</arg>
</arguments>
<msg timestamp="20190415 16:21:24.414" level="TRACE">Arguments: [ "xpath:/html//p[@class='message'][1]" | 'Du hast dich erfolgreich abgemeldet' ]</msg>
<msg timestamp="20190415 16:21:24.415" level="DEBUG">POST http://127.0.0.1:33835/session/7e37ea6c8c9f37f02b069612bd1d9312/elements {"using": "xpath", "value": "/html//p[@class='message'][1]", "sessionId": "7e37ea6c8c9f37f02b069612bd1d9312"}</msg>
<msg timestamp="20190415 16:21:24.439" level="DEBUG">http://127.0.0.1:33835 "POST /session/7e37ea6c8c9f37f02b069612bd1d9312/elements HTTP/1.1" 200 104</msg>
<msg timestamp="20190415 16:21:24.439" level="DEBUG">Finished Request</msg>
<msg timestamp="20190415 16:21:24.439" level="DEBUG">GET http://127.0.0.1:33835/session/7e37ea6c8c9f37f02b069612bd1d9312/element/0.4883648263795404-1/text {"id": "0.4883648263795404-1", "sessionId": "7e37ea6c8c9f37f02b069612bd1d9312"}</msg>
<msg timestamp="20190415 16:21:24.472" level="DEBUG">http://127.0.0.1:33835 "GET /session/7e37ea6c8c9f37f02b069612bd1d9312/element/0.4883648263795404-1/text HTTP/1.1" 200 106</msg>
<msg timestamp="20190415 16:21:24.473" level="DEBUG">Finished Request</msg>
<msg timestamp="20190415 16:21:24.473" level="TRACE">Return: None</msg>
<status status="PASS" starttime="20190415 16:21:24.414" endtime="20190415 16:21:24.473"></status>
</kw>
<msg timestamp="20190415 16:21:24.473" level="TRACE">Return: None</msg>
<status status="PASS" starttime="20190415 16:21:24.413" endtime="20190415 16:21:24.473"></status>
</kw>
<msg timestamp="20190415 16:21:24.473" level="TRACE">Return: None</msg>
<status status="PASS" starttime="20190415 16:21:23.793" endtime="20190415 16:21:24.473"></status>
</kw>
<doc>Delete all created users</doc>
<tags>
<tag>All</tag>
<tag>CreateUser</tag>
</tags>
<status status="PASS" starttime="20190415 16:21:10.036" endtime="20190415 16:21:24.473" critical="yes"></status>
</test>
<kw name="TD_Suite" library="demo_keyword" type="teardown">
<msg timestamp="20190415 16:21:24.476" level="TRACE">Arguments: [  ]</msg>
<kw name="Close Browser" library="SeleniumLibrary">
<doc>Closes the current browser.</doc>
<msg timestamp="20190415 16:21:24.476" level="TRACE">Arguments: [  ]</msg>
<msg timestamp="20190415 16:21:24.476" level="DEBUG">Closing browser with session id 7e37ea6c8c9f37f02b069612bd1d9312.</msg>
<msg timestamp="20190415 16:21:24.476" level="DEBUG">DELETE http://127.0.0.1:33835/session/7e37ea6c8c9f37f02b069612bd1d9312 {"sessionId": "7e37ea6c8c9f37f02b069612bd1d9312"}</msg>
<msg timestamp="20190415 16:21:24.535" level="DEBUG">http://127.0.0.1:33835 "DELETE /session/7e37ea6c8c9f37f02b069612bd1d9312 HTTP/1.1" 200 72</msg>
<msg timestamp="20190415 16:21:24.536" level="DEBUG">Finished Request</msg>
<msg timestamp="20190415 16:21:24.563" level="TRACE">Return: None</msg>
<status status="PASS" starttime="20190415 16:21:24.476" endtime="20190415 16:21:24.563"></status>
</kw>
<msg timestamp="20190415 16:21:24.563" level="TRACE">Return: None</msg>
<status status="PASS" starttime="20190415 16:21:24.475" endtime="20190415 16:21:24.563"></status>
</kw>
<doc>Wordpress Testing with Chrome.</doc>
<status status="FAIL" starttime="20190415 16:20:17.991" endtime="20190415 16:21:24.563"></status>
</suite>
<statistics>
<total>
<stat pass="6" fail="1">Critical Tests</stat>
<stat pass="6" fail="1">All Tests</stat>
</total>
<tag>
<stat pass="6" fail="1">All</stat>
<stat pass="3" fail="1">CreateUser</stat>
<stat pass="2" fail="0">ErrorLogin</stat>
<stat pass="1" fail="0">InDev</stat>
<stat pass="3" fail="0">Login</stat>
</tag>
<suite>
<stat pass="6" fail="1" id="s1" name="Demo">Demo</stat>
</suite>
</statistics>
<errors>
</errors>
</robot>
